[0.096s] colcon DEBUG Command line arguments: ['/usr/bin/colcon', 'list', '-p', '--base-paths', '/home/samay/car/src', '--log-base', '/dev/null']
[0.096s] colcon DEBUG Parsed command line arguments: Namespace(log_base=None, log_level=None, verb_name='list', build_base='build', ignore_user_meta=False, metas=['./colcon.meta'], base_paths=['/home/samay/car/src', '--log-base', '/dev/null'], packages_ignore=None, packages_ignore_regex=None, paths=None, packages_up_to=None, packages_up_to_regex=None, packages_above=None, packages_above_and_dependencies=None, packages_above_depth=None, packages_select_by_dep=None, packages_skip_by_dep=None, packages_skip_up_to=None, packages_select_build_failed=False, packages_skip_build_finished=False, packages_select_test_failures=False, packages_skip_test_passed=False, packages_select=None, packages_skip=None, packages_select_regex=None, packages_skip_regex=None, packages_start=None, packages_end=None, allow_overriding=[], topological_order=False, names_only=False, paths_only=True, topological_graph=False, topological_graph_dot=False, topological_graph_density=False, topological_graph_legend=False, topological_graph_dot_cluster=False, topological_graph_dot_include_skipped=False, verb_parser=<colcon_defaults.argument_parser.defaults.DefaultArgumentsDecorator object at 0x708e52859a20>, verb_extension=<colcon_package_information.verb.list.ListVerb object at 0x708e529de710>, main=<bound method ListVerb.main of <colcon_package_information.verb.list.ListVerb object at 0x708e529de710>>)
[0.321s] colcon.colcon_core.package_discovery Level 1 discover_packages(colcon_meta) check parameters
[0.321s] colcon.colcon_core.package_discovery Level 1 discover_packages(recursive) check parameters
[0.321s] colcon.colcon_core.package_discovery Level 1 discover_packages(ignore) check parameters
[0.321s] colcon.colcon_core.package_discovery Level 1 discover_packages(path) check parameters
[0.321s] colcon.colcon_core.package_discovery Level 1 discover_packages(recursive) discover
[0.322s] colcon.colcon_core.package_discovery INFO Crawling recursively for packages in '/home/samay/car/src', '/home/samay/car/src/--log-base', '/dev/null'
[0.322s] colcon.colcon_core.package_identification Level 1 _identify(/home/samay/car/src) by extensions ['ignore', 'ignore_ament_install']
[0.322s] colcon.colcon_core.package_identification Level 1 _identify(/home/samay/car/src) by extension 'ignore'
[0.322s] colcon.colcon_core.package_identification Level 1 _identify(/home/samay/car/src) by extension 'ignore_ament_install'
[0.322s] colcon.colcon_core.package_identification Level 1 _identify(/home/samay/car/src) by extensions ['colcon_pkg']
[0.322s] colcon.colcon_core.package_identification Level 1 _identify(/home/samay/car/src) by extension 'colcon_pkg'
[0.322s] colcon.colcon_core.package_identification Level 1 _identify(/home/samay/car/src) by extensions ['colcon_meta']
[0.322s] colcon.colcon_core.package_identification Level 1 _identify(/home/samay/car/src) by extension 'colcon_meta'
[0.322s] colcon.colcon_core.package_identification Level 1 _identify(/home/samay/car/src) by extensions ['ros']
[0.322s] colcon.colcon_core.package_identification Level 1 _identify(/home/samay/car/src) by extension 'ros'
[0.336s] colcon.colcon_core.package_identification Level 1 _identify(/home/samay/car/src) by extensions ['cmake', 'python']
[0.336s] colcon.colcon_core.package_identification Level 1 _identify(/home/samay/car/src) by extension 'cmake'
[0.336s] colcon.colcon_core.package_identification Level 1 _identify(/home/samay/car/src) by extension 'python'
[0.336s] colcon.colcon_core.package_identification Level 1 _identify(/home/samay/car/src) by extensions ['python_setup_py']
[0.336s] colcon.colcon_core.package_identification Level 1 _identify(/home/samay/car/src) by extension 'python_setup_py'
[0.337s] colcon.colcon_core.package_identification Level 1 _identify(/home/samay/car/src/car_description) by extensions ['ignore', 'ignore_ament_install']
[0.337s] colcon.colcon_core.package_identification Level 1 _identify(/home/samay/car/src/car_description) by extension 'ignore'
[0.337s] colcon.colcon_core.package_identification Level 1 _identify(/home/samay/car/src/car_description) by extension 'ignore_ament_install'
[0.337s] colcon.colcon_core.package_identification Level 1 _identify(/home/samay/car/src/car_description) by extensions ['colcon_pkg']
[0.337s] colcon.colcon_core.package_identification Level 1 _identify(/home/samay/car/src/car_description) by extension 'colcon_pkg'
[0.337s] colcon.colcon_core.package_identification Level 1 _identify(/home/samay/car/src/car_description) by extensions ['colcon_meta']
[0.337s] colcon.colcon_core.package_identification Level 1 _identify(/home/samay/car/src/car_description) by extension 'colcon_meta'
[0.337s] colcon.colcon_core.package_identification Level 1 _identify(/home/samay/car/src/car_description) by extensions ['ros']
[0.337s] colcon.colcon_core.package_identification Level 1 _identify(/home/samay/car/src/car_description) by extension 'ros'
[0.341s] colcon.colcon_core.package_identification DEBUG Package '/home/samay/car/src/car_description' with type 'ros.ament_cmake' and name 'car_description'
[0.341s] colcon.colcon_core.package_identification Level 1 _identify(/home/samay/car/src/log) by extensions ['ignore', 'ignore_ament_install']
[0.341s] colcon.colcon_core.package_identification Level 1 _identify(/home/samay/car/src/log) by extension 'ignore'
[0.341s] colcon.colcon_core.package_identification Level 1 _identify(/home/samay/car/src/log) ignored
[0.342s] colcon.colcon_core.package_discovery Level 1 discover_packages(recursive) using defaults
