-- The C compiler identification is GNU 11.4.0
-- The CXX compiler identification is GNU 11.4.0
-- Detecting C compiler ABI info
-- Detecting C compiler ABI info - done
-- Check for working C compiler: /usr/bin/cc - skipped
-- Detecting C compile features
-- Detecting C compile features - done
-- Detecting CXX compiler ABI info
-- Detecting CXX compiler ABI info - done
-- Check for working CXX compiler: /usr/bin/c++ - skipped
-- Detecting CXX compile features
-- Detecting CXX compile features - done
-- Found ament_cmake: 1.3.12 (/opt/ros/humble/share/ament_cmake/cmake)
-- Found Python3: /usr/bin/python3 (found version "3.10.12") found components: Interpreter 
-- Found rclpy: 3.3.19 (/opt/ros/humble/share/rclpy/cmake)
-- Found urdf: 2.6.1 (/opt/ros/humble/share/urdf/cmake)
-- Found sensor_msgs: 4.9.0 (/opt/ros/humble/share/sensor_msgs/cmake)
-- Found rosidl_generator_c: 3.1.7 (/opt/ros/humble/share/rosidl_generator_c/cmake)
-- Found rosidl_adapter: 3.1.7 (/opt/ros/humble/share/rosidl_adapter/cmake)
-- Found rosidl_generator_cpp: 3.1.7 (/opt/ros/humble/share/rosidl_generator_cpp/cmake)
-- Using all available rosidl_typesupport_c: rosidl_typesupport_fastrtps_c;rosidl_typesupport_introspection_c
-- Using all available rosidl_typesupport_cpp: rosidl_typesupport_fastrtps_cpp;rosidl_typesupport_introspection_cpp
-- Configuring done
-- Generating done
-- Build files have been written to: /home/samay/AVG/car/build/car_description
-- Install configuration: ""
-- Up-to-date: /home/samay/AVG/car/install/car_description/share/car_description/urdf
-- Up-to-date: /home/samay/AVG/car/install/car_description/share/car_description/urdf/newcar.xacro
-- Up-to-date: /home/samay/AVG/car/install/car_description/share/car_description/launch
-- Up-to-date: /home/samay/AVG/car/install/car_description/share/car_description/launch/car.launch.py
-- Up-to-date: /home/samay/AVG/car/install/car_description/share/car_description/launch/teleop.launch.py
-- Up-to-date: /home/samay/AVG/car/install/car_description/share/car_description/launch/nav2_bringup.launch.py
-- Up-to-date: /home/samay/AVG/car/install/car_description/share/car_description/launch/slam.launch.py
-- Up-to-date: /home/samay/AVG/car/install/car_description/share/car_description/config
-- Up-to-date: /home/samay/AVG/car/install/car_description/share/car_description/config/slam.yaml
-- Up-to-date: /home/samay/AVG/car/install/car_description/share/car_description/config/nav2_params.yaml
-- Up-to-date: /home/samay/AVG/car/install/car_description/share/car_description/config/car.rviz
