[0.006s] Invoking command in '/home/samay/AVG/car/build/car_description': CMAKE_PREFIX_PATH=${CMAKE_PREFIX_PATH}:/opt/ros/humble /usr/bin/cmake /home/samay/AVG/car/src/car_description -DCMAKE_INSTALL_PREFIX=/home/samay/AVG/car/install/car_description
[0.064s] -- The C compiler identification is GNU 11.4.0
[0.098s] -- The CXX compiler identification is GNU 11.4.0
[0.103s] -- Detecting C compiler ABI info
[0.147s] -- Detecting C compiler ABI info - done
[0.152s] -- Check for working C compiler: /usr/bin/cc - skipped
[0.152s] -- Detecting C compile features
[0.152s] -- Detecting C compile features - done
[0.154s] -- Detecting CXX compiler ABI info
[0.207s] -- Detecting CXX compiler ABI info - done
[0.213s] -- Check for working CXX compiler: /usr/bin/c++ - skipped
[0.213s] -- Detecting CXX compile features
[0.214s] -- Detecting CXX compile features - done
[0.215s] -- Found ament_cmake: 1.3.12 (/opt/ros/humble/share/ament_cmake/cmake)
[0.317s] -- Found Python3: /usr/bin/python3 (found version "3.10.12") found components: Interpreter 
[0.374s] -- Found rclpy: 3.3.19 (/opt/ros/humble/share/rclpy/cmake)
[0.374s] -- Found urdf: 2.6.1 (/opt/ros/humble/share/urdf/cmake)
[0.406s] -- Found sensor_msgs: 4.9.0 (/opt/ros/humble/share/sensor_msgs/cmake)
[0.420s] -- Found rosidl_generator_c: 3.1.7 (/opt/ros/humble/share/rosidl_generator_c/cmake)
[0.423s] -- Found rosidl_adapter: 3.1.7 (/opt/ros/humble/share/rosidl_adapter/cmake)
[0.428s] -- Found rosidl_generator_cpp: 3.1.7 (/opt/ros/humble/share/rosidl_generator_cpp/cmake)
[0.435s] -- Using all available rosidl_typesupport_c: rosidl_typesupport_fastrtps_c;rosidl_typesupport_introspection_c
[0.443s] -- Using all available rosidl_typesupport_cpp: rosidl_typesupport_fastrtps_cpp;rosidl_typesupport_introspection_cpp
[0.521s] -- Configuring done
[0.524s] -- Generating done
[0.526s] -- Build files have been written to: /home/samay/AVG/car/build/car_description
[0.532s] Invoked command in '/home/samay/AVG/car/build/car_description' returned '0': CMAKE_PREFIX_PATH=${CMAKE_PREFIX_PATH}:/opt/ros/humble /usr/bin/cmake /home/samay/AVG/car/src/car_description -DCMAKE_INSTALL_PREFIX=/home/samay/AVG/car/install/car_description
[0.533s] Invoking command in '/home/samay/AVG/car/build/car_description': CMAKE_PREFIX_PATH=${CMAKE_PREFIX_PATH}:/opt/ros/humble /usr/bin/cmake --build /home/samay/AVG/car/build/car_description -- -j12 -l12
[0.569s] Invoked command in '/home/samay/AVG/car/build/car_description' returned '0': CMAKE_PREFIX_PATH=${CMAKE_PREFIX_PATH}:/opt/ros/humble /usr/bin/cmake --build /home/samay/AVG/car/build/car_description -- -j12 -l12
[0.582s] Invoking command in '/home/samay/AVG/car/build/car_description': CMAKE_PREFIX_PATH=${CMAKE_PREFIX_PATH}:/opt/ros/humble /usr/bin/cmake --install /home/samay/AVG/car/build/car_description
[0.593s] -- Install configuration: ""
[0.593s] -- Up-to-date: /home/samay/AVG/car/install/car_description/share/car_description/urdf
[0.594s] -- Up-to-date: /home/samay/AVG/car/install/car_description/share/car_description/urdf/newcar.xacro
[0.594s] -- Up-to-date: /home/samay/AVG/car/install/car_description/share/car_description/launch
[0.594s] -- Up-to-date: /home/samay/AVG/car/install/car_description/share/car_description/launch/car.launch.py
[0.594s] -- Up-to-date: /home/samay/AVG/car/install/car_description/share/car_description/launch/teleop.launch.py
[0.594s] -- Up-to-date: /home/samay/AVG/car/install/car_description/share/car_description/launch/nav2_bringup.launch.py
[0.594s] -- Up-to-date: /home/samay/AVG/car/install/car_description/share/car_description/launch/slam.launch.py
[0.594s] -- Up-to-date: /home/samay/AVG/car/install/car_description/share/car_description/config
[0.594s] -- Up-to-date: /home/samay/AVG/car/install/car_description/share/car_description/config/slam.yaml
[0.594s] -- Up-to-date: /home/samay/AVG/car/install/car_description/share/car_description/config/nav2_params.yaml
[0.594s] -- Up-to-date: /home/samay/AVG/car/install/car_description/share/car_description/config/car.rviz
[0.595s] [31mCMake Error at cmake_install.cmake:46 (file):
[0.595s]   file INSTALL cannot find "/home/samay/AVG/car/src/car_description/worlds":
[0.595s]   No such file or directory.
[0.595s] 
[0.595s] [0m
[0.596s] Invoked command in '/home/samay/AVG/car/build/car_description' returned '1': CMAKE_PREFIX_PATH=${CMAKE_PREFIX_PATH}:/opt/ros/humble /usr/bin/cmake --install /home/samay/AVG/car/build/car_description
