[0.559s] Invoking command in '/home/samay/AVG/car/src/car_rqt_gui': PYTHONPATH=/home/samay/AVG/car/build/car_rqt_gui/prefix_override:/usr/lib/python3/dist-packages/colcon_core/task/python/colcon_distutils_commands:/home/samay/AVG/car/install/car_rqt_gui/lib/python3.10/site-packages:${PYTHONPATH} /usr/bin/python3 -W ignore:setup.py install is deprecated -W ignore:easy_install command is deprecated setup.py egg_info --egg-base ../../build/car_rqt_gui build --build-base /home/samay/AVG/car/build/car_rqt_gui/build install --record /home/samay/AVG/car/build/car_rqt_gui/install.log --single-version-externally-managed install_data
[0.763s] running egg_info
[0.764s] writing ../../build/car_rqt_gui/car_rqt_gui.egg-info/PKG-INFO
[0.764s] writing dependency_links to ../../build/car_rqt_gui/car_rqt_gui.egg-info/dependency_links.txt
[0.764s] writing entry points to ../../build/car_rqt_gui/car_rqt_gui.egg-info/entry_points.txt
[0.764s] writing requirements to ../../build/car_rqt_gui/car_rqt_gui.egg-info/requires.txt
[0.764s] writing top-level names to ../../build/car_rqt_gui/car_rqt_gui.egg-info/top_level.txt
[0.766s] reading manifest file '../../build/car_rqt_gui/car_rqt_gui.egg-info/SOURCES.txt'
[0.766s] writing manifest file '../../build/car_rqt_gui/car_rqt_gui.egg-info/SOURCES.txt'
[0.766s] running build
[0.766s] running build_py
[0.766s] copying car_rqt_gui/car_rqt_gui_plugin.py -> /home/samay/AVG/car/build/car_rqt_gui/build/lib/car_rqt_gui
[0.774s] running install
[0.775s] running install_lib
[0.775s] copying /home/samay/AVG/car/build/car_rqt_gui/build/lib/car_rqt_gui/car_rqt_gui_plugin.py -> /home/samay/AVG/car/install/car_rqt_gui/lib/python3.10/site-packages/car_rqt_gui
[0.776s] byte-compiling /home/samay/AVG/car/install/car_rqt_gui/lib/python3.10/site-packages/car_rqt_gui/car_rqt_gui_plugin.py to car_rqt_gui_plugin.cpython-310.pyc
[0.776s] running install_data
[0.776s] running install_egg_info
[0.778s] removing '/home/samay/AVG/car/install/car_rqt_gui/lib/python3.10/site-packages/car_rqt_gui-0.0.0-py3.10.egg-info' (and everything under it)
[0.778s] Copying ../../build/car_rqt_gui/car_rqt_gui.egg-info to /home/samay/AVG/car/install/car_rqt_gui/lib/python3.10/site-packages/car_rqt_gui-0.0.0-py3.10.egg-info
[0.778s] running install_scripts
[0.793s] writing list of installed files to '/home/samay/AVG/car/build/car_rqt_gui/install.log'
[0.810s] Invoked command in '/home/samay/AVG/car/src/car_rqt_gui' returned '0': PYTHONPATH=/home/samay/AVG/car/build/car_rqt_gui/prefix_override:/usr/lib/python3/dist-packages/colcon_core/task/python/colcon_distutils_commands:/home/samay/AVG/car/install/car_rqt_gui/lib/python3.10/site-packages:${PYTHONPATH} /usr/bin/python3 -W ignore:setup.py install is deprecated -W ignore:easy_install command is deprecated setup.py egg_info --egg-base ../../build/car_rqt_gui build --build-base /home/samay/AVG/car/build/car_rqt_gui/build install --record /home/samay/AVG/car/build/car_rqt_gui/install.log --single-version-externally-managed install_data
