[0.493s] Invoking command in '/home/samay/AVG/car/src/car_rqt_gui': PYTHONPATH=/home/samay/AVG/car/build/car_rqt_gui/prefix_override:/usr/lib/python3/dist-packages/colcon_core/task/python/colcon_distutils_commands:/home/samay/AVG/car/install/car_rqt_gui/lib/python3.10/site-packages:${PYTHONPATH} /usr/bin/python3 -W ignore:setup.py install is deprecated -W ignore:easy_install command is deprecated setup.py egg_info --egg-base ../../build/car_rqt_gui build --build-base /home/samay/AVG/car/build/car_rqt_gui/build install --record /home/samay/AVG/car/build/car_rqt_gui/install.log --single-version-externally-managed install_data
[0.670s] running egg_info
[0.671s] writing ../../build/car_rqt_gui/car_rqt_gui.egg-info/PKG-INFO
[0.671s] writing dependency_links to ../../build/car_rqt_gui/car_rqt_gui.egg-info/dependency_links.txt
[0.671s] writing entry points to ../../build/car_rqt_gui/car_rqt_gui.egg-info/entry_points.txt
[0.671s] writing requirements to ../../build/car_rqt_gui/car_rqt_gui.egg-info/requires.txt
[0.671s] writing top-level names to ../../build/car_rqt_gui/car_rqt_gui.egg-info/top_level.txt
[0.672s] reading manifest file '../../build/car_rqt_gui/car_rqt_gui.egg-info/SOURCES.txt'
[0.673s] writing manifest file '../../build/car_rqt_gui/car_rqt_gui.egg-info/SOURCES.txt'
[0.673s] running build
[0.673s] running build_py
[0.673s] running install
[0.673s] running install_lib
[0.674s] running install_data
[0.674s] copying package.xml -> /home/samay/AVG/car/install/car_rqt_gui/share/car_rqt_gui
[0.674s] copying resource/plugin.xml -> /home/samay/AVG/car/install/car_rqt_gui/share/car_rqt_gui
[0.681s] running install_egg_info
[0.682s] Copying ../../build/car_rqt_gui/car_rqt_gui.egg-info to /home/samay/AVG/car/install/car_rqt_gui/lib/python3.10/site-packages/car_rqt_gui-0.0.0-py3.10.egg-info
[0.683s] running install_scripts
[0.696s] writing list of installed files to '/home/samay/AVG/car/build/car_rqt_gui/install.log'
[0.712s] Invoked command in '/home/samay/AVG/car/src/car_rqt_gui' returned '0': PYTHONPATH=/home/samay/AVG/car/build/car_rqt_gui/prefix_override:/usr/lib/python3/dist-packages/colcon_core/task/python/colcon_distutils_commands:/home/samay/AVG/car/install/car_rqt_gui/lib/python3.10/site-packages:${PYTHONPATH} /usr/bin/python3 -W ignore:setup.py install is deprecated -W ignore:easy_install command is deprecated setup.py egg_info --egg-base ../../build/car_rqt_gui build --build-base /home/samay/AVG/car/build/car_rqt_gui/build install --record /home/samay/AVG/car/build/car_rqt_gui/install.log --single-version-externally-managed install_data
