[0.546s] Invoking command in '/home/samay/AVG/car/src/car_rqt_gui': PYTHONPATH=/home/samay/AVG/car/build/car_rqt_gui/prefix_override:/usr/lib/python3/dist-packages/colcon_core/task/python/colcon_distutils_commands:/home/samay/AVG/car/install/car_rqt_gui/lib/python3.10/site-packages:${PYTHONPATH} /usr/bin/python3 -W ignore:setup.py install is deprecated -W ignore:easy_install command is deprecated setup.py egg_info --egg-base ../../build/car_rqt_gui build --build-base /home/samay/AVG/car/build/car_rqt_gui/build install --record /home/samay/AVG/car/build/car_rqt_gui/install.log --single-version-externally-managed install_data
[0.726s] running egg_info
[0.727s] creating ../../build/car_rqt_gui/car_rqt_gui.egg-info
[0.727s] writing ../../build/car_rqt_gui/car_rqt_gui.egg-info/PKG-INFO
[0.727s] writing dependency_links to ../../build/car_rqt_gui/car_rqt_gui.egg-info/dependency_links.txt
[0.728s] writing entry points to ../../build/car_rqt_gui/car_rqt_gui.egg-info/entry_points.txt
[0.728s] writing requirements to ../../build/car_rqt_gui/car_rqt_gui.egg-info/requires.txt
[0.728s] writing top-level names to ../../build/car_rqt_gui/car_rqt_gui.egg-info/top_level.txt
[0.728s] writing manifest file '../../build/car_rqt_gui/car_rqt_gui.egg-info/SOURCES.txt'
[0.729s] reading manifest file '../../build/car_rqt_gui/car_rqt_gui.egg-info/SOURCES.txt'
[0.730s] writing manifest file '../../build/car_rqt_gui/car_rqt_gui.egg-info/SOURCES.txt'
[0.730s] running build
[0.730s] running build_py
[0.730s] creating /home/samay/AVG/car/build/car_rqt_gui/build
[0.730s] creating /home/samay/AVG/car/build/car_rqt_gui/build/lib
[0.730s] creating /home/samay/AVG/car/build/car_rqt_gui/build/lib/car_rqt_gui
[0.730s] copying car_rqt_gui/__init__.py -> /home/samay/AVG/car/build/car_rqt_gui/build/lib/car_rqt_gui
[0.730s] copying car_rqt_gui/car_rqt_gui_plugin.py -> /home/samay/AVG/car/build/car_rqt_gui/build/lib/car_rqt_gui
[0.730s] running install
[0.730s] running install_lib
[0.731s] creating /home/samay/AVG/car/install/car_rqt_gui/lib/python3.10/site-packages/car_rqt_gui
[0.731s] copying /home/samay/AVG/car/build/car_rqt_gui/build/lib/car_rqt_gui/__init__.py -> /home/samay/AVG/car/install/car_rqt_gui/lib/python3.10/site-packages/car_rqt_gui
[0.731s] copying /home/samay/AVG/car/build/car_rqt_gui/build/lib/car_rqt_gui/car_rqt_gui_plugin.py -> /home/samay/AVG/car/install/car_rqt_gui/lib/python3.10/site-packages/car_rqt_gui
[0.731s] byte-compiling /home/samay/AVG/car/install/car_rqt_gui/lib/python3.10/site-packages/car_rqt_gui/__init__.py to __init__.cpython-310.pyc
[0.731s] byte-compiling /home/samay/AVG/car/install/car_rqt_gui/lib/python3.10/site-packages/car_rqt_gui/car_rqt_gui_plugin.py to car_rqt_gui_plugin.cpython-310.pyc
[0.732s] running install_data
[0.732s] creating /home/samay/AVG/car/install/car_rqt_gui/share/ament_index
[0.732s] creating /home/samay/AVG/car/install/car_rqt_gui/share/ament_index/resource_index
[0.732s] creating /home/samay/AVG/car/install/car_rqt_gui/share/ament_index/resource_index/packages
[0.732s] error: can't copy 'resource/car_rqt_gui': doesn't exist or not a regular file
[0.747s] Invoked command in '/home/samay/AVG/car/src/car_rqt_gui' returned '1': PYTHONPATH=/home/samay/AVG/car/build/car_rqt_gui/prefix_override:/usr/lib/python3/dist-packages/colcon_core/task/python/colcon_distutils_commands:/home/samay/AVG/car/install/car_rqt_gui/lib/python3.10/site-packages:${PYTHONPATH} /usr/bin/python3 -W ignore:setup.py install is deprecated -W ignore:easy_install command is deprecated setup.py egg_info --egg-base ../../build/car_rqt_gui build --build-base /home/samay/AVG/car/build/car_rqt_gui/build install --record /home/samay/AVG/car/build/car_rqt_gui/install.log --single-version-externally-managed install_data
