[0.011s] Invoking command in '/home/samay/car/build/car_description': CMAKE_PREFIX_PATH=/opt/ros/humble /usr/bin/cmake /home/samay/car/src/car_description -DCMAKE_INSTALL_PREFIX=/home/samay/car/install/car_description
[0.115s] -- The C compiler identification is GNU 11.4.0
[0.193s] -- The CXX compiler identification is GNU 11.4.0
[0.203s] -- Detecting C compiler ABI info
[0.266s] -- Detecting C compiler ABI info - done
[0.272s] -- Check for working C compiler: /usr/bin/cc - skipped
[0.273s] -- Detecting C compile features
[0.273s] -- Detecting C compile features - done
[0.277s] -- Detecting CXX compiler ABI info
[0.345s] -- Detecting CXX compiler ABI info - done
[0.351s] -- Check for working CXX compiler: /usr/bin/c++ - skipped
[0.351s] -- Detecting CXX compile features
[0.352s] -- Detecting CXX compile features - done
[0.359s] -- Found ament_cmake: 1.3.12 (/opt/ros/humble/share/ament_cmake/cmake)
[0.490s] -- Found Python3: /usr/bin/python3 (found version "3.10.12") found components: Interpreter 
[0.571s] -- Found rclpy: 3.3.19 (/opt/ros/humble/share/rclpy/cmake)
[0.574s] -- Found urdf: 2.6.1 (/opt/ros/humble/share/urdf/cmake)
[0.684s] -- Configuring done
[0.686s] -- Generating done
[0.687s] -- Build files have been written to: /home/samay/car/build/car_description
[0.692s] Invoked command in '/home/samay/car/build/car_description' returned '0': CMAKE_PREFIX_PATH=/opt/ros/humble /usr/bin/cmake /home/samay/car/src/car_description -DCMAKE_INSTALL_PREFIX=/home/samay/car/install/car_description
[0.694s] Invoking command in '/home/samay/car/build/car_description': CMAKE_PREFIX_PATH=/opt/ros/humble /usr/bin/cmake --build /home/samay/car/build/car_description -- -j12 -l12
[0.725s] Invoked command in '/home/samay/car/build/car_description' returned '0': CMAKE_PREFIX_PATH=/opt/ros/humble /usr/bin/cmake --build /home/samay/car/build/car_description -- -j12 -l12
[0.733s] Invoking command in '/home/samay/car/build/car_description': CMAKE_PREFIX_PATH=/opt/ros/humble /usr/bin/cmake --install /home/samay/car/build/car_description
[0.739s] -- Install configuration: ""
[0.739s] -- Installing: /home/samay/car/install/car_description/share/car_description/urdf
[0.740s] -- Installing: /home/samay/car/install/car_description/share/car_description/urdf/base.xacro
[0.740s] -- Installing: /home/samay/car/install/car_description/share/car_description/urdf/motor.xacro
[0.740s] -- Installing: /home/samay/car/install/car_description/share/car_description/urdf/robot.xacro
[0.740s] -- Installing: /home/samay/car/install/car_description/share/car_description/urdf/lidar.xacro
[0.740s] -- Installing: /home/samay/car/install/car_description/share/car_description/urdf/wheel.xacro
[0.740s] -- Installing: /home/samay/car/install/car_description/share/car_description/urdf/pillar.xacro
[0.740s] -- Installing: /home/samay/car/install/car_description/share/car_description/launch
[0.740s] -- Installing: /home/samay/car/install/car_description/share/car_description/launch/car.launch.py
[0.740s] -- Installing: /home/samay/car/install/car_description/share/car_description/config
[0.740s] -- Installing: /home/samay/car/install/car_description/share/car_description/config/car.rviz
[0.740s] -- Installing: /home/samay/car/install/car_description/share/ament_index/resource_index/package_run_dependencies/car_description
[0.740s] -- Installing: /home/samay/car/install/car_description/share/ament_index/resource_index/parent_prefix_path/car_description
[0.740s] -- Installing: /home/samay/car/install/car_description/share/car_description/environment/ament_prefix_path.sh
[0.740s] -- Installing: /home/samay/car/install/car_description/share/car_description/environment/ament_prefix_path.dsv
[0.740s] -- Installing: /home/samay/car/install/car_description/share/car_description/environment/path.sh
[0.741s] -- Installing: /home/samay/car/install/car_description/share/car_description/environment/path.dsv
[0.741s] -- Installing: /home/samay/car/install/car_description/share/car_description/local_setup.bash
[0.741s] -- Installing: /home/samay/car/install/car_description/share/car_description/local_setup.sh
[0.741s] -- Installing: /home/samay/car/install/car_description/share/car_description/local_setup.zsh
[0.741s] -- Installing: /home/samay/car/install/car_description/share/car_description/local_setup.dsv
[0.741s] -- Installing: /home/samay/car/install/car_description/share/car_description/package.dsv
[0.741s] -- Installing: /home/samay/car/install/car_description/share/ament_index/resource_index/packages/car_description
[0.741s] -- Installing: /home/samay/car/install/car_description/share/car_description/cmake/car_descriptionConfig.cmake
[0.741s] -- Installing: /home/samay/car/install/car_description/share/car_description/cmake/car_descriptionConfig-version.cmake
[0.741s] -- Installing: /home/samay/car/install/car_description/share/car_description/package.xml
[0.743s] Invoked command in '/home/samay/car/build/car_description' returned '0': CMAKE_PREFIX_PATH=/opt/ros/humble /usr/bin/cmake --install /home/samay/car/build/car_description
