running egg_info
writing ../../build/car_rqt_gui/car_rqt_gui.egg-info/PKG-INFO
writing dependency_links to ../../build/car_rqt_gui/car_rqt_gui.egg-info/dependency_links.txt
writing entry points to ../../build/car_rqt_gui/car_rqt_gui.egg-info/entry_points.txt
writing requirements to ../../build/car_rqt_gui/car_rqt_gui.egg-info/requires.txt
writing top-level names to ../../build/car_rqt_gui/car_rqt_gui.egg-info/top_level.txt
reading manifest file '../../build/car_rqt_gui/car_rqt_gui.egg-info/SOURCES.txt'
writing manifest file '../../build/car_rqt_gui/car_rqt_gui.egg-info/SOURCES.txt'
running build
running build_py
copying car_rqt_gui/car_rqt_gui_plugin.py -> /home/samay/AVG/car/build/car_rqt_gui/build/lib/car_rqt_gui
running install
running install_lib
copying /home/samay/AVG/car/build/car_rqt_gui/build/lib/car_rqt_gui/car_rqt_gui_plugin.py -> /home/samay/AVG/car/install/car_rqt_gui/lib/python3.10/site-packages/car_rqt_gui
byte-compiling /home/samay/AVG/car/install/car_rqt_gui/lib/python3.10/site-packages/car_rqt_gui/car_rqt_gui_plugin.py to car_rqt_gui_plugin.cpython-310.pyc
running install_data
running install_egg_info
removing '/home/samay/AVG/car/install/car_rqt_gui/lib/python3.10/site-packages/car_rqt_gui-0.0.0-py3.10.egg-info' (and everything under it)
Copying ../../build/car_rqt_gui/car_rqt_gui.egg-info to /home/samay/AVG/car/install/car_rqt_gui/lib/python3.10/site-packages/car_rqt_gui-0.0.0-py3.10.egg-info
running install_scripts
writing list of installed files to '/home/samay/AVG/car/build/car_rqt_gui/install.log'
