[0.087s] colcon DEBUG Command line arguments: ['/usr/bin/colcon', 'build', '--packages-select', 'car_rqt_gui']
[0.087s] colcon DEBUG Parsed command line arguments: Namespace(log_base=None, log_level=None, verb_name='build', build_base='build', install_base='install', merge_install=False, symlink_install=False, test_result_base=None, continue_on_error=False, executor='parallel', parallel_workers=12, event_handlers=None, ignore_user_meta=False, metas=['./colcon.meta'], base_paths=['.'], packages_ignore=None, packages_ignore_regex=None, paths=None, packages_up_to=None, packages_up_to_regex=None, packages_above=None, packages_above_and_dependencies=None, packages_above_depth=None, packages_select_by_dep=None, packages_skip_by_dep=None, packages_skip_up_to=None, packages_select_build_failed=False, packages_skip_build_finished=False, packages_select_test_failures=False, packages_skip_test_passed=False, packages_select=['car_rqt_gui'], packages_skip=None, packages_select_regex=None, packages_skip_regex=None, packages_start=None, packages_end=None, allow_overriding=[], cmake_args=None, cmake_target=None, cmake_target_skip_unavailable=False, cmake_clean_cache=False, cmake_clean_first=False, cmake_force_configure=False, ament_cmake_args=None, catkin_cmake_args=None, catkin_skip_building_tests=False, verb_parser=<colcon_defaults.argument_parser.defaults.DefaultArgumentsDecorator object at 0x71ec4cb50970>, verb_extension=<colcon_core.verb.build.BuildVerb object at 0x71ec4cc4e3b0>, main=<bound method BuildVerb.main of <colcon_core.verb.build.BuildVerb object at 0x71ec4cc4e3b0>>)
[0.250s] colcon.colcon_core.package_discovery Level 1 discover_packages(colcon_meta) check parameters
[0.250s] colcon.colcon_core.package_discovery Level 1 discover_packages(recursive) check parameters
[0.250s] colcon.colcon_core.package_discovery Level 1 discover_packages(ignore) check parameters
[0.250s] colcon.colcon_core.package_discovery Level 1 discover_packages(path) check parameters
[0.250s] colcon.colcon_core.package_discovery Level 1 discover_packages(colcon_meta) discover
[0.250s] colcon.colcon_core.package_discovery Level 1 discover_packages(recursive) discover
[0.250s] colcon.colcon_core.package_discovery INFO Crawling recursively for packages in '/home/samay/AVG/car'
[0.251s] colcon.colcon_core.package_identification Level 1 _identify(.) by extensions ['ignore', 'ignore_ament_install']
[0.251s] colcon.colcon_core.package_identification Level 1 _identify(.) by extension 'ignore'
[0.251s] colcon.colcon_core.package_identification Level 1 _identify(.) by extension 'ignore_ament_install'
[0.251s] colcon.colcon_core.package_identification Level 1 _identify(.) by extensions ['colcon_pkg']
[0.251s] colcon.colcon_core.package_identification Level 1 _identify(.) by extension 'colcon_pkg'
[0.251s] colcon.colcon_core.package_identification Level 1 _identify(.) by extensions ['colcon_meta']
[0.251s] colcon.colcon_core.package_identification Level 1 _identify(.) by extension 'colcon_meta'
[0.251s] colcon.colcon_core.package_identification Level 1 _identify(.) by extensions ['ros']
[0.251s] colcon.colcon_core.package_identification Level 1 _identify(.) by extension 'ros'
[0.259s] colcon.colcon_core.package_identification Level 1 _identify(.) by extensions ['cmake', 'python']
[0.259s] colcon.colcon_core.package_identification Level 1 _identify(.) by extension 'cmake'
[0.259s] colcon.colcon_core.package_identification Level 1 _identify(.) by extension 'python'
[0.259s] colcon.colcon_core.package_identification Level 1 _identify(.) by extensions ['python_setup_py']
[0.259s] colcon.colcon_core.package_identification Level 1 _identify(.) by extension 'python_setup_py'
[0.259s] colcon.colcon_core.package_identification Level 1 _identify(build) by extensions ['ignore', 'ignore_ament_install']
[0.259s] colcon.colcon_core.package_identification Level 1 _identify(build) by extension 'ignore'
[0.259s] colcon.colcon_core.package_identification Level 1 _identify(build) ignored
[0.259s] colcon.colcon_core.package_identification Level 1 _identify(install) by extensions ['ignore', 'ignore_ament_install']
[0.259s] colcon.colcon_core.package_identification Level 1 _identify(install) by extension 'ignore'
[0.259s] colcon.colcon_core.package_identification Level 1 _identify(install) ignored
[0.259s] colcon.colcon_core.package_identification Level 1 _identify(log) by extensions ['ignore', 'ignore_ament_install']
[0.260s] colcon.colcon_core.package_identification Level 1 _identify(log) by extension 'ignore'
[0.260s] colcon.colcon_core.package_identification Level 1 _identify(log) ignored
[0.260s] colcon.colcon_core.package_identification Level 1 _identify(src) by extensions ['ignore', 'ignore_ament_install']
[0.260s] colcon.colcon_core.package_identification Level 1 _identify(src) by extension 'ignore'
[0.260s] colcon.colcon_core.package_identification Level 1 _identify(src) by extension 'ignore_ament_install'
[0.260s] colcon.colcon_core.package_identification Level 1 _identify(src) by extensions ['colcon_pkg']
[0.260s] colcon.colcon_core.package_identification Level 1 _identify(src) by extension 'colcon_pkg'
[0.260s] colcon.colcon_core.package_identification Level 1 _identify(src) by extensions ['colcon_meta']
[0.260s] colcon.colcon_core.package_identification Level 1 _identify(src) by extension 'colcon_meta'
[0.260s] colcon.colcon_core.package_identification Level 1 _identify(src) by extensions ['ros']
[0.260s] colcon.colcon_core.package_identification Level 1 _identify(src) by extension 'ros'
[0.260s] colcon.colcon_core.package_identification Level 1 _identify(src) by extensions ['cmake', 'python']
[0.260s] colcon.colcon_core.package_identification Level 1 _identify(src) by extension 'cmake'
[0.260s] colcon.colcon_core.package_identification Level 1 _identify(src) by extension 'python'
[0.260s] colcon.colcon_core.package_identification Level 1 _identify(src) by extensions ['python_setup_py']
[0.260s] colcon.colcon_core.package_identification Level 1 _identify(src) by extension 'python_setup_py'
[0.260s] colcon.colcon_core.package_identification Level 1 _identify(src/car_description) by extensions ['ignore', 'ignore_ament_install']
[0.260s] colcon.colcon_core.package_identification Level 1 _identify(src/car_description) by extension 'ignore'
[0.260s] colcon.colcon_core.package_identification Level 1 _identify(src/car_description) by extension 'ignore_ament_install'
[0.260s] colcon.colcon_core.package_identification Level 1 _identify(src/car_description) by extensions ['colcon_pkg']
[0.260s] colcon.colcon_core.package_identification Level 1 _identify(src/car_description) by extension 'colcon_pkg'
[0.260s] colcon.colcon_core.package_identification Level 1 _identify(src/car_description) by extensions ['colcon_meta']
[0.260s] colcon.colcon_core.package_identification Level 1 _identify(src/car_description) by extension 'colcon_meta'
[0.260s] colcon.colcon_core.package_identification Level 1 _identify(src/car_description) by extensions ['ros']
[0.260s] colcon.colcon_core.package_identification Level 1 _identify(src/car_description) by extension 'ros'
[0.264s] colcon.colcon_core.package_identification DEBUG Package 'src/car_description' with type 'ros.ament_cmake' and name 'car_description'
[0.264s] colcon.colcon_core.package_identification Level 1 _identify(src/car_rqt_gui) by extensions ['ignore', 'ignore_ament_install']
[0.264s] colcon.colcon_core.package_identification Level 1 _identify(src/car_rqt_gui) by extension 'ignore'
[0.264s] colcon.colcon_core.package_identification Level 1 _identify(src/car_rqt_gui) by extension 'ignore_ament_install'
[0.264s] colcon.colcon_core.package_identification Level 1 _identify(src/car_rqt_gui) by extensions ['colcon_pkg']
[0.264s] colcon.colcon_core.package_identification Level 1 _identify(src/car_rqt_gui) by extension 'colcon_pkg'
[0.264s] colcon.colcon_core.package_identification Level 1 _identify(src/car_rqt_gui) by extensions ['colcon_meta']
[0.264s] colcon.colcon_core.package_identification Level 1 _identify(src/car_rqt_gui) by extension 'colcon_meta'
[0.264s] colcon.colcon_core.package_identification Level 1 _identify(src/car_rqt_gui) by extensions ['ros']
[0.264s] colcon.colcon_core.package_identification Level 1 _identify(src/car_rqt_gui) by extension 'ros'
[0.265s] colcon.colcon_core.package_identification DEBUG Package 'src/car_rqt_gui' with type 'ros.ament_python' and name 'car_rqt_gui'
[0.265s] colcon.colcon_core.package_identification Level 1 _identify(src/log) by extensions ['ignore', 'ignore_ament_install']
[0.265s] colcon.colcon_core.package_identification Level 1 _identify(src/log) by extension 'ignore'
[0.265s] colcon.colcon_core.package_identification Level 1 _identify(src/log) ignored
[0.265s] colcon.colcon_core.package_discovery Level 1 discover_packages(recursive) using defaults
[0.265s] colcon.colcon_core.package_discovery Level 1 discover_packages(ignore) discover
[0.265s] colcon.colcon_core.package_discovery Level 1 discover_packages(ignore) using defaults
[0.265s] colcon.colcon_core.package_discovery Level 1 discover_packages(path) discover
[0.265s] colcon.colcon_core.package_discovery Level 1 discover_packages(path) using defaults
[0.276s] colcon.colcon_core.package_selection INFO Skipping not selected package 'car_description' in 'src/car_description'
[0.276s] colcon.colcon_core.package_discovery Level 1 discover_packages(prefix_path) check parameters
[0.276s] colcon.colcon_core.package_discovery Level 1 discover_packages(prefix_path) discover
[0.278s] colcon.colcon_installed_package_information.package_discovery DEBUG Found 390 installed packages in /opt/ros/humble
[0.280s] colcon.colcon_core.package_discovery Level 1 discover_packages(prefix_path) using defaults
[0.309s] colcon.colcon_core.verb Level 5 set package 'car_rqt_gui' build argument 'cmake_args' from command line to 'None'
[0.309s] colcon.colcon_core.verb Level 5 set package 'car_rqt_gui' build argument 'cmake_target' from command line to 'None'
[0.309s] colcon.colcon_core.verb Level 5 set package 'car_rqt_gui' build argument 'cmake_target_skip_unavailable' from command line to 'False'
[0.309s] colcon.colcon_core.verb Level 5 set package 'car_rqt_gui' build argument 'cmake_clean_cache' from command line to 'False'
[0.309s] colcon.colcon_core.verb Level 5 set package 'car_rqt_gui' build argument 'cmake_clean_first' from command line to 'False'
[0.309s] colcon.colcon_core.verb Level 5 set package 'car_rqt_gui' build argument 'cmake_force_configure' from command line to 'False'
[0.309s] colcon.colcon_core.verb Level 5 set package 'car_rqt_gui' build argument 'ament_cmake_args' from command line to 'None'
[0.309s] colcon.colcon_core.verb Level 5 set package 'car_rqt_gui' build argument 'catkin_cmake_args' from command line to 'None'
[0.309s] colcon.colcon_core.verb Level 5 set package 'car_rqt_gui' build argument 'catkin_skip_building_tests' from command line to 'False'
[0.309s] colcon.colcon_core.verb DEBUG Building package 'car_rqt_gui' with the following arguments: {'ament_cmake_args': None, 'build_base': '/home/samay/AVG/car/build/car_rqt_gui', 'catkin_cmake_args': None, 'catkin_skip_building_tests': False, 'cmake_args': None, 'cmake_clean_cache': False, 'cmake_clean_first': False, 'cmake_force_configure': False, 'cmake_target': None, 'cmake_target_skip_unavailable': False, 'install_base': '/home/samay/AVG/car/install/car_rqt_gui', 'merge_install': False, 'path': '/home/samay/AVG/car/src/car_rqt_gui', 'symlink_install': False, 'test_result_base': None}
[0.310s] colcon.colcon_core.executor INFO Executing jobs using 'parallel' executor
[0.310s] colcon.colcon_parallel_executor.executor.parallel DEBUG run_until_complete
[0.311s] colcon.colcon_ros.task.ament_python.build INFO Building ROS package in '/home/samay/AVG/car/src/car_rqt_gui' with build type 'ament_python'
[0.311s] colcon.colcon_core.shell Level 1 create_environment_hook('car_rqt_gui', 'ament_prefix_path')
[0.312s] colcon.colcon_core.plugin_system INFO Skipping extension 'colcon_core.shell.bat': Not used on non-Windows systems
[0.312s] colcon.colcon_core.shell INFO Creating environment hook '/home/samay/AVG/car/install/car_rqt_gui/share/car_rqt_gui/hook/ament_prefix_path.ps1'
[0.313s] colcon.colcon_core.shell INFO Creating environment descriptor '/home/samay/AVG/car/install/car_rqt_gui/share/car_rqt_gui/hook/ament_prefix_path.dsv'
[0.313s] colcon.colcon_core.shell INFO Creating environment hook '/home/samay/AVG/car/install/car_rqt_gui/share/car_rqt_gui/hook/ament_prefix_path.sh'
[0.313s] colcon.colcon_core.shell INFO Skip shell extension 'powershell' for command environment: Not usable outside of PowerShell
[0.313s] colcon.colcon_core.shell DEBUG Skip shell extension 'dsv' for command environment
[0.538s] colcon.colcon_ros.task.ament_python.build WARNING Package 'car_rqt_gui' doesn't explicitly install a marker in the package index (colcon-ros currently does it implicitly but that fallback will be removed in the future)
[0.538s] colcon.colcon_core.task.python.build INFO Building Python package in '/home/samay/AVG/car/src/car_rqt_gui'
[0.539s] colcon.colcon_core.shell INFO Skip shell extension 'powershell' for command environment: Not usable outside of PowerShell
[0.539s] colcon.colcon_core.shell DEBUG Skip shell extension 'dsv' for command environment
[0.875s] colcon.colcon_core.event_handler.log_command DEBUG Invoking command in '/home/samay/AVG/car/src/car_rqt_gui': PYTHONPATH=/home/samay/AVG/car/build/car_rqt_gui/prefix_override:/usr/lib/python3/dist-packages/colcon_core/task/python/colcon_distutils_commands:/home/samay/AVG/car/install/car_rqt_gui/lib/python3.10/site-packages:${PYTHONPATH} /usr/bin/python3 -W ignore:setup.py install is deprecated -W ignore:easy_install command is deprecated setup.py egg_info --egg-base ../../build/car_rqt_gui build --build-base /home/samay/AVG/car/build/car_rqt_gui/build install --record /home/samay/AVG/car/build/car_rqt_gui/install.log --single-version-externally-managed install_data
[1.120s] colcon.colcon_core.event_handler.log_command DEBUG Invoked command in '/home/samay/AVG/car/src/car_rqt_gui' returned '0': PYTHONPATH=/home/samay/AVG/car/build/car_rqt_gui/prefix_override:/usr/lib/python3/dist-packages/colcon_core/task/python/colcon_distutils_commands:/home/samay/AVG/car/install/car_rqt_gui/lib/python3.10/site-packages:${PYTHONPATH} /usr/bin/python3 -W ignore:setup.py install is deprecated -W ignore:easy_install command is deprecated setup.py egg_info --egg-base ../../build/car_rqt_gui build --build-base /home/samay/AVG/car/build/car_rqt_gui/build install --record /home/samay/AVG/car/build/car_rqt_gui/install.log --single-version-externally-managed install_data
[1.122s] colcon.colcon_core.environment Level 1 checking '/home/samay/AVG/car/install/car_rqt_gui' for CMake module files
[1.122s] colcon.colcon_core.environment Level 1 checking '/home/samay/AVG/car/install/car_rqt_gui' for CMake config files
[1.123s] colcon.colcon_core.environment Level 1 checking '/home/samay/AVG/car/install/car_rqt_gui/lib'
[1.123s] colcon.colcon_core.environment Level 1 checking '/home/samay/AVG/car/install/car_rqt_gui/bin'
[1.123s] colcon.colcon_core.environment Level 1 checking '/home/samay/AVG/car/install/car_rqt_gui/lib/pkgconfig/car_rqt_gui.pc'
[1.123s] colcon.colcon_core.environment Level 1 checking '/home/samay/AVG/car/install/car_rqt_gui/lib/python3.10/site-packages'
[1.123s] colcon.colcon_core.shell Level 1 create_environment_hook('car_rqt_gui', 'pythonpath')
[1.123s] colcon.colcon_core.shell INFO Creating environment hook '/home/samay/AVG/car/install/car_rqt_gui/share/car_rqt_gui/hook/pythonpath.ps1'
[1.124s] colcon.colcon_core.shell INFO Creating environment descriptor '/home/samay/AVG/car/install/car_rqt_gui/share/car_rqt_gui/hook/pythonpath.dsv'
[1.124s] colcon.colcon_core.shell INFO Creating environment hook '/home/samay/AVG/car/install/car_rqt_gui/share/car_rqt_gui/hook/pythonpath.sh'
[1.124s] colcon.colcon_core.environment Level 1 checking '/home/samay/AVG/car/install/car_rqt_gui/bin'
[1.125s] colcon.colcon_core.environment Level 1 create_environment_scripts_only(car_rqt_gui)
[1.125s] colcon.colcon_core.shell INFO Creating package script '/home/samay/AVG/car/install/car_rqt_gui/share/car_rqt_gui/package.ps1'
[1.125s] colcon.colcon_core.shell INFO Creating package descriptor '/home/samay/AVG/car/install/car_rqt_gui/share/car_rqt_gui/package.dsv'
[1.126s] colcon.colcon_core.shell INFO Creating package script '/home/samay/AVG/car/install/car_rqt_gui/share/car_rqt_gui/package.sh'
[1.126s] colcon.colcon_core.shell INFO Creating package script '/home/samay/AVG/car/install/car_rqt_gui/share/car_rqt_gui/package.bash'
[1.127s] colcon.colcon_core.shell INFO Creating package script '/home/samay/AVG/car/install/car_rqt_gui/share/car_rqt_gui/package.zsh'
[1.127s] colcon.colcon_core.environment Level 1 create_file_with_runtime_dependencies(/home/samay/AVG/car/install/car_rqt_gui/share/colcon-core/packages/car_rqt_gui)
[1.127s] colcon.colcon_parallel_executor.executor.parallel DEBUG closing loop
[1.127s] colcon.colcon_parallel_executor.executor.parallel DEBUG loop closed
[1.128s] colcon.colcon_parallel_executor.executor.parallel DEBUG run_until_complete finished with '0'
[1.128s] colcon.colcon_core.event_reactor DEBUG joining thread
[1.132s] colcon.colcon_core.plugin_system INFO Skipping extension 'colcon_notification.desktop_notification.terminal_notifier': Not used on non-Darwin systems
[1.133s] colcon.colcon_core.plugin_system INFO Skipping extension 'colcon_notification.desktop_notification.win32': Not used on non-Windows systems
[1.133s] colcon.colcon_notification.desktop_notification INFO Sending desktop notification using 'notify2'
[1.142s] colcon.colcon_core.event_reactor DEBUG joined thread
[1.143s] colcon.colcon_core.shell INFO Creating prefix script '/home/samay/AVG/car/install/local_setup.ps1'
[1.144s] colcon.colcon_core.shell INFO Creating prefix util module '/home/samay/AVG/car/install/_local_setup_util_ps1.py'
[1.145s] colcon.colcon_core.shell INFO Creating prefix chain script '/home/samay/AVG/car/install/setup.ps1'
[1.146s] colcon.colcon_core.shell INFO Creating prefix script '/home/samay/AVG/car/install/local_setup.sh'
[1.146s] colcon.colcon_core.shell INFO Creating prefix util module '/home/samay/AVG/car/install/_local_setup_util_sh.py'
[1.147s] colcon.colcon_core.shell INFO Creating prefix chain script '/home/samay/AVG/car/install/setup.sh'
[1.147s] colcon.colcon_core.shell INFO Creating prefix script '/home/samay/AVG/car/install/local_setup.bash'
[1.148s] colcon.colcon_core.shell INFO Creating prefix chain script '/home/samay/AVG/car/install/setup.bash'
[1.148s] colcon.colcon_core.shell INFO Creating prefix script '/home/samay/AVG/car/install/local_setup.zsh'
[1.149s] colcon.colcon_core.shell INFO Creating prefix chain script '/home/samay/AVG/car/install/setup.zsh'
