[INFO] [launch]: All log files can be found below /home/samay/.ros/log/2026-01-01-22-16-09-112543-samay-Nitro-AN515-57-7229
[INFO] [launch]: Default logging verbosity is set to INFO
[INFO] [gzserver-1]: process started with pid [7232]
[INFO] [gzclient-2]: process started with pid [7234]
[INFO] [robot_state_publisher-3]: process started with pid [7236]
[INFO] [joint_state_publisher-4]: process started with pid [7238]
[INFO] [spawn_entity.py-5]: process started with pid [7240]
[INFO] [robot_state_publisher-6]: process started with pid [7242]
[INFO] [joint_state_publisher-7]: process started with pid [7244]
[INFO] [map_server-8]: process started with pid [7246]
[INFO] [static_transform_publisher-9]: process started with pid [7248]
[INFO] [static_transform_publisher-10]: process started with pid [7250]
[INFO] [cmd_vel_merger.py-11]: process started with pid [7252]
[INFO] [rviz2-12]: process started with pid [7254]
[rviz2-12] Warning: Ignoring XDG_SESSION_TYPE=wayland on Gnome. Use QT_QPA_PLATFORM=wayland to run on Wayland anyway.
[static_transform_publisher-9] [INFO] [1767285969.676636676] [static_transform_publisher_map_to_odom]: Spinning until stopped - publishing transform
[static_transform_publisher-9] translation: ('0.000000', '0.000000', '0.000000')
[static_transform_publisher-9] rotation: ('0.000000', '0.000000', '0.000000', '1.000000')
[static_transform_publisher-9] from 'map' to 'odom'
[static_transform_publisher-10] [INFO] [1767285969.681890105] [static_transform_publisher_map_to_arm_world]: Spinning until stopped - publishing transform
[static_transform_publisher-10] translation: ('-2.000000', '0.500000', '0.000000')
[static_transform_publisher-10] rotation: ('0.000000', '0.000000', '0.000000', '1.000000')
[static_transform_publisher-10] from 'map' to 'arm_world'
[map_server-8] [INFO] [1767285969.688389352] [map_server]: 
[map_server-8] 	map_server lifecycle node launched. 
[map_server-8] 	Waiting on external lifecycle transitions to activate
[map_server-8] 	See https://design.ros2.org/articles/node_lifecycle.html for more information.
[map_server-8] [INFO] [1767285969.689384441] [map_server]: Creating
[robot_state_publisher-3] [WARN] [1767285969.725404314] [kdl_parser]: The root link base_link has an inertia specified in the URDF, but KDL does not support a root link with an inertia.  As a workaround, you can add an extra dummy link to your URDF.
[robot_state_publisher-3] [INFO] [1767285969.725556208] [robot_state_publisher]: got segment base_link
[robot_state_publisher-3] [INFO] [1767285969.725680538] [robot_state_publisher]: got segment cargo_boundary_front
[robot_state_publisher-3] [INFO] [1767285969.725691644] [robot_state_publisher]: got segment cargo_boundary_left
[robot_state_publisher-3] [INFO] [1767285969.725697375] [robot_state_publisher]: got segment cargo_boundary_rear
[robot_state_publisher-3] [INFO] [1767285969.725702854] [robot_state_publisher]: got segment cargo_boundary_right
[robot_state_publisher-3] [INFO] [1767285969.725708362] [robot_state_publisher]: got segment cargo_platform_link
[robot_state_publisher-3] [INFO] [1767285969.725713951] [robot_state_publisher]: got segment front_caster_wheel_link
[robot_state_publisher-3] [INFO] [1767285969.725719412] [robot_state_publisher]: got segment lidar_link
[robot_state_publisher-3] [INFO] [1767285969.725724721] [robot_state_publisher]: got segment pillar_front_left_link
[robot_state_publisher-3] [INFO] [1767285969.725730179] [robot_state_publisher]: got segment pillar_front_right_link
[robot_state_publisher-3] [INFO] [1767285969.725735480] [robot_state_publisher]: got segment pillar_rear_left_link
[robot_state_publisher-3] [INFO] [1767285969.725740662] [robot_state_publisher]: got segment pillar_rear_right_link
[robot_state_publisher-3] [INFO] [1767285969.725746131] [robot_state_publisher]: got segment rear_left_wheel_link
[robot_state_publisher-3] [INFO] [1767285969.725751270] [robot_state_publisher]: got segment rear_right_wheel_link
[robot_state_publisher-6] [INFO] [1767285969.729696181] [arm.arm_robot_state_publisher]: got segment arm_world
[robot_state_publisher-6] [INFO] [1767285969.729817658] [arm.arm_robot_state_publisher]: got segment base_link
[robot_state_publisher-6] [INFO] [1767285969.729826763] [arm.arm_robot_state_publisher]: got segment forearm_link
[robot_state_publisher-6] [INFO] [1767285969.729832221] [arm.arm_robot_state_publisher]: got segment shoulder_link
[robot_state_publisher-6] [INFO] [1767285969.729837652] [arm.arm_robot_state_publisher]: got segment upper_arm_link
[robot_state_publisher-6] [INFO] [1767285969.729842261] [arm.arm_robot_state_publisher]: got segment wrist_1_link
[robot_state_publisher-6] [INFO] [1767285969.729847422] [arm.arm_robot_state_publisher]: got segment wrist_2_link
[robot_state_publisher-6] [INFO] [1767285969.729851632] [arm.arm_robot_state_publisher]: got segment wrist_3_link
[cmd_vel_merger.py-11] [INFO] [1767285970.035007313] [cmd_vel_merger]: CmdVel merger started. Merging cmd_vel_nav and cmd_vel_teleop
[rviz2-12] [INFO] [1767285970.035124507] [rviz2]: Stereo is NOT SUPPORTED
[rviz2-12] [INFO] [1767285970.035287708] [rviz2]: OpenGl version: 4.6 (GLSL 4.6)
[joint_state_publisher-4] [INFO] [1767285970.042902198] [joint_state_publisher]: Waiting for robot_description to be published on the robot_description topic...
[rviz2-12] [INFO] [1767285970.050807740] [rviz2]: Stereo is NOT SUPPORTED
[spawn_entity.py-5] [INFO] [1767285970.132276422] [spawn_entity]: Spawn Entity started
[spawn_entity.py-5] [INFO] [1767285970.132588993] [spawn_entity]: Loading entity published on topic robot_description
[spawn_entity.py-5] [INFO] [1767285970.134538524] [spawn_entity]: Waiting for entity xml on robot_description
[spawn_entity.py-5] [INFO] [1767285970.145312241] [spawn_entity]: Waiting for service /spawn_entity, timeout = 30
[spawn_entity.py-5] [INFO] [1767285970.145548551] [spawn_entity]: Waiting for service /spawn_entity
[joint_state_publisher-7] [INFO] [1767285970.151666290] [arm.arm_joint_state_publisher]: Waiting for robot_description to be published on the robot_description topic...
[spawn_entity.py-5] [INFO] [1767285970.900371669] [spawn_entity]: Calling service /spawn_entity
[INFO] [spawn_entity.py-13]: process started with pid [7589]
[spawn_entity.py-5] [INFO] [1767285972.158809638] [spawn_entity]: Spawn status: SpawnEntity: Successfully spawned entity [my_robot]
[gzserver-1] [INFO] [1767285972.276043609] [diff_drive]: Wheel pair 1 separation set to [0.640000m]
[gzserver-1] [INFO] [1767285972.277058875] [diff_drive]: Wheel pair 1 diameter set to [0.240000m]
[gzserver-1] [INFO] [1767285972.278486703] [diff_drive]: Subscribed to [/cmd_vel]
[gzserver-1] [INFO] [1767285972.281818149] [diff_drive]: Advertise odometry on [/odom]
[gzserver-1] [INFO] [1767285972.286266061] [diff_drive]: Publishing odom transforms between [odom] and [base_link]
[INFO] [spawn_entity.py-5]: process has finished cleanly [pid 7240]
[spawn_entity.py-13] [INFO] [1767285972.425821427] [spawn_entity]: Spawn Entity started
[spawn_entity.py-13] [INFO] [1767285972.426432844] [spawn_entity]: Loading entity published on topic /arm/robot_description
[spawn_entity.py-13] [INFO] [1767285972.429843679] [spawn_entity]: Waiting for entity xml on /arm/robot_description
[spawn_entity.py-13] [INFO] [1767285973.359638850] [spawn_entity]: Waiting for service /spawn_entity, timeout = 30
[spawn_entity.py-13] [INFO] [1767285973.359887005] [spawn_entity]: Waiting for service /spawn_entity
[spawn_entity.py-13] [INFO] [1767285973.364047064] [spawn_entity]: Calling service /spawn_entity
[spawn_entity.py-13] [INFO] [1767285973.588847732] [spawn_entity]: Spawn status: SpawnEntity: Successfully spawned entity [robotic_arm]
[INFO] [map_republisher.py-14]: process started with pid [7969]
[INFO] [spawn_entity.py-13]: process has finished cleanly [pid 7589]
[map_republisher.py-14] [INFO] [1767285974.328979351] [map_republisher]: Map republisher started. Republishing /map to /map_republished
[INFO] [lifecycle_manager-15]: process started with pid [8151]
[lifecycle_manager-15] [INFO] [1767285975.360266306] [lifecycle_manager_map_server]: Creating
[lifecycle_manager-15] [INFO] [1767285975.364373472] [lifecycle_manager_map_server]: [34m[1mCreating and initializing lifecycle service clients[0m[0m
[lifecycle_manager-15] [INFO] [1767285975.769293509] [lifecycle_manager_map_server]: [34m[1mStarting managed nodes bringup...[0m[0m
[lifecycle_manager-15] [INFO] [1767285975.769352836] [lifecycle_manager_map_server]: [34m[1mConfiguring map_server[0m[0m
[map_server-8] [INFO] [1767285975.769951767] [map_server]: Configuring
[map_server-8] [INFO] [1767285975.770158753] [map_io]: Loading yaml file: /home/samay/agv_ros2/car/install/car_description/share/car_description/map/my_map.yaml
[map_server-8] [INFO] [1767285975.770854124] [map_io]: resolution: 0.05
[map_server-8] [INFO] [1767285975.770881483] [map_io]: origin[0]: -8.59
[map_server-8] [INFO] [1767285975.770885841] [map_io]: origin[1]: -9.39
[map_server-8] [INFO] [1767285975.770889908] [map_io]: origin[2]: 0
[map_server-8] [INFO] [1767285975.770894633] [map_io]: free_thresh: 0.25
[map_server-8] [INFO] [1767285975.770898405] [map_io]: occupied_thresh: 0.65
[map_server-8] [INFO] [1767285975.770906002] [map_io]: mode: trinary
[map_server-8] [INFO] [1767285975.770915150] [map_io]: negate: 0
[map_server-8] [INFO] [1767285975.771367551] [map_io]: Loading image_file: /home/samay/agv_ros2/car/install/car_description/share/car_description/map/my_map.pgm
[map_server-8] [INFO] [1767285975.781751174] [map_io]: Read map /home/samay/agv_ros2/car/install/car_description/share/car_description/map/my_map.pgm: 342 X 376 map @ 0.05 m/cell
[lifecycle_manager-15] [INFO] [1767285975.789788648] [lifecycle_manager_map_server]: [34m[1mActivating map_server[0m[0m
[map_server-8] [INFO] [1767285975.790028034] [map_server]: Activating
[map_server-8] [INFO] [1767285975.790531325] [map_server]: Creating bond (map_server) to lifecycle manager.
[map_republisher.py-14] [INFO] [1767285975.795352938] [map_republisher]: Map republished
[rviz2-12] [INFO] [1767285975.822069015] [rviz2]: Trying to create a map of size 342 x 376 using 1 swatches
[rviz2-12] [ERROR] [1767285975.853058812] [rviz2]: Vertex Program:rviz/glsl120/indexed_8bit_image.vert Fragment Program:rviz/glsl120/indexed_8bit_image.frag GLSL link result : 
[rviz2-12] active samplers with a different type refer to the same texture image unit
[lifecycle_manager-15] [INFO] [1767285975.900317335] [lifecycle_manager_map_server]: Server map_server connected with bond.
[lifecycle_manager-15] [INFO] [1767285975.900506494] [lifecycle_manager_map_server]: [34m[1mManaged nodes are active[0m[0m
[lifecycle_manager-15] [INFO] [1767285975.900538323] [lifecycle_manager_map_server]: [34m[1mCreating bond timer...[0m[0m
[INFO] [lifecycle_manager-16]: process started with pid [8641]
[INFO] [amcl-17]: process started with pid [8643]
[INFO] [controller_server-18]: process started with pid [8645]
[INFO] [planner_server-19]: process started with pid [8647]
[INFO] [behavior_server-20]: process started with pid [8649]
[INFO] [bt_navigator-21]: process started with pid [8651]
[INFO] [waypoint_follower-22]: process started with pid [8653]
[INFO] [velocity_smoother-23]: process started with pid [8655]
[lifecycle_manager-16] [INFO] [1767285979.732865644] [lifecycle_manager_navigation]: Creating
[lifecycle_manager-16] [INFO] [1767285979.748391404] [lifecycle_manager_navigation]: [34m[1mCreating and initializing lifecycle service clients[0m[0m
[waypoint_follower-22] [INFO] [1767285979.763269217] [waypoint_follower]: 
[waypoint_follower-22] 	waypoint_follower lifecycle node launched. 
[waypoint_follower-22] 	Waiting on external lifecycle transitions to activate
[waypoint_follower-22] 	See https://design.ros2.org/articles/node_lifecycle.html for more information.
[waypoint_follower-22] [INFO] [1767285979.764093995] [waypoint_follower]: Creating
[controller_server-18] [INFO] [1767285979.796996401] [controller_server]: 
[controller_server-18] 	controller_server lifecycle node launched. 
[controller_server-18] 	Waiting on external lifecycle transitions to activate
[controller_server-18] 	See https://design.ros2.org/articles/node_lifecycle.html for more information.
[controller_server-18] [INFO] [1767285979.812298676] [controller_server]: Creating controller server
[planner_server-19] [INFO] [1767285979.822056340] [planner_server]: 
[planner_server-19] 	planner_server lifecycle node launched. 
[planner_server-19] 	Waiting on external lifecycle transitions to activate
[planner_server-19] 	See https://design.ros2.org/articles/node_lifecycle.html for more information.
[planner_server-19] [INFO] [1767285979.823537019] [planner_server]: Creating
[behavior_server-20] [INFO] [1767285979.845985501] [behavior_server]: 
[behavior_server-20] 	behavior_server lifecycle node launched. 
[behavior_server-20] 	Waiting on external lifecycle transitions to activate
[behavior_server-20] 	See https://design.ros2.org/articles/node_lifecycle.html for more information.
[amcl-17] [INFO] [1767285979.850335542] [amcl]: 
[amcl-17] 	amcl lifecycle node launched. 
[amcl-17] 	Waiting on external lifecycle transitions to activate
[amcl-17] 	See https://design.ros2.org/articles/node_lifecycle.html for more information.
[velocity_smoother-23] [INFO] [1767285979.851973476] [velocity_smoother]: 
[velocity_smoother-23] 	velocity_smoother lifecycle node launched. 
[velocity_smoother-23] 	Waiting on external lifecycle transitions to activate
[velocity_smoother-23] 	See https://design.ros2.org/articles/node_lifecycle.html for more information.
[amcl-17] [INFO] [1767285979.852342051] [amcl]: Creating
[bt_navigator-21] [INFO] [1767285979.869700925] [bt_navigator]: 
[bt_navigator-21] 	bt_navigator lifecycle node launched. 
[bt_navigator-21] 	Waiting on external lifecycle transitions to activate
[bt_navigator-21] 	See https://design.ros2.org/articles/node_lifecycle.html for more information.
[bt_navigator-21] [INFO] [1767285979.870105900] [bt_navigator]: Creating
[controller_server-18] [INFO] [1767285979.889963743] [local_costmap.local_costmap]: 
[controller_server-18] 	local_costmap lifecycle node launched. 
[controller_server-18] 	Waiting on external lifecycle transitions to activate
[controller_server-18] 	See https://design.ros2.org/articles/node_lifecycle.html for more information.
[controller_server-18] [INFO] [1767285979.890937187] [local_costmap.local_costmap]: Creating Costmap
[planner_server-19] [INFO] [1767285979.907049216] [global_costmap.global_costmap]: 
[planner_server-19] 	global_costmap lifecycle node launched. 
[planner_server-19] 	Waiting on external lifecycle transitions to activate
[planner_server-19] 	See https://design.ros2.org/articles/node_lifecycle.html for more information.
[planner_server-19] [INFO] [1767285979.907590775] [global_costmap.global_costmap]: Creating Costmap
[lifecycle_manager-16] [INFO] [1767285981.051844958] [lifecycle_manager_navigation]: [34m[1mStarting managed nodes bringup...[0m[0m
[lifecycle_manager-16] [INFO] [1767285981.051947443] [lifecycle_manager_navigation]: [34m[1mConfiguring controller_server[0m[0m
[controller_server-18] [INFO] [1767285981.052506669] [controller_server]: Configuring controller interface
[controller_server-18] [INFO] [1767285981.052916406] [controller_server]: getting goal checker plugins..
[controller_server-18] [INFO] [1767285981.053035295] [controller_server]: Controller frequency set to 20.0000Hz
[controller_server-18] [INFO] [1767285981.053129340] [local_costmap.local_costmap]: Configuring
[controller_server-18] [INFO] [1767285981.064666750] [local_costmap.local_costmap]: Using plugin "voxel_layer"
[controller_server-18] [INFO] [1767285981.067758462] [local_costmap.local_costmap]: Subscribed to Topics: scan
[controller_server-18] [INFO] [1767285981.076563613] [local_costmap.local_costmap]: Initialized plugin "voxel_layer"
[controller_server-18] [INFO] [1767285981.076705745] [local_costmap.local_costmap]: Using plugin "inflation_layer"
[controller_server-18] [INFO] [1767285981.078017975] [local_costmap.local_costmap]: Initialized plugin "inflation_layer"
[controller_server-18] [INFO] [1767285981.094369324] [controller_server]: Created progress_checker : progress_checker of type nav2_controller::SimpleProgressChecker
[controller_server-18] [INFO] [1767285981.095151255] [controller_server]: Created goal checker : general_goal_checker of type nav2_controller::SimpleGoalChecker
[controller_server-18] [INFO] [1767285981.095398109] [controller_server]: Controller Server has general_goal_checker  goal checkers available.
[controller_server-18] [INFO] [1767285981.096802863] [controller_server]: Created controller : FollowPath of type dwb_core::DWBLocalPlanner
[controller_server-18] [INFO] [1767285981.097846581] [controller_server]: Setting transform_tolerance to 0.500000
[controller_server-18] [INFO] [1767285981.112596911] [controller_server]: Using critic "RotateToGoal" (dwb_critics::RotateToGoalCritic)
[controller_server-18] [INFO] [1767285981.113113453] [controller_server]: Critic plugin initialized
[controller_server-18] [INFO] [1767285981.113356192] [controller_server]: Using critic "Oscillation" (dwb_critics::OscillationCritic)
[controller_server-18] [INFO] [1767285981.113790252] [controller_server]: Critic plugin initialized
[controller_server-18] [INFO] [1767285981.113905641] [controller_server]: Using critic "BaseObstacle" (dwb_critics::BaseObstacleCritic)
[controller_server-18] [INFO] [1767285981.114043649] [controller_server]: Critic plugin initialized
[controller_server-18] [INFO] [1767285981.114111827] [controller_server]: Using critic "GoalAlign" (dwb_critics::GoalAlignCritic)
[controller_server-18] [INFO] [1767285981.114469309] [controller_server]: Critic plugin initialized
[controller_server-18] [INFO] [1767285981.114576275] [controller_server]: Using critic "PathAlign" (dwb_critics::PathAlignCritic)
[controller_server-18] [INFO] [1767285981.114762362] [controller_server]: Critic plugin initialized
[controller_server-18] [INFO] [1767285981.114875620] [controller_server]: Using critic "PathDist" (dwb_critics::PathDistCritic)
[controller_server-18] [INFO] [1767285981.115095483] [controller_server]: Critic plugin initialized
[controller_server-18] [INFO] [1767285981.115168663] [controller_server]: Using critic "GoalDist" (dwb_critics::GoalDistCritic)
[controller_server-18] [INFO] [1767285981.115355105] [controller_server]: Critic plugin initialized
[controller_server-18] [INFO] [1767285981.115403790] [controller_server]: Controller Server has FollowPath  controllers available.
[lifecycle_manager-16] [INFO] [1767285981.129873492] [lifecycle_manager_navigation]: [34m[1mConfiguring planner_server[0m[0m
[planner_server-19] [INFO] [1767285981.130125816] [planner_server]: Configuring
[planner_server-19] [INFO] [1767285981.130179655] [global_costmap.global_costmap]: Configuring
[planner_server-19] [INFO] [1767285981.138632472] [global_costmap.global_costmap]: Using plugin "static_layer"
[planner_server-19] [INFO] [1767285981.141726130] [global_costmap.global_costmap]: Subscribing to the map topic (/map) with transient local durability
[planner_server-19] [INFO] [1767285981.142989389] [global_costmap.global_costmap]: Initialized plugin "static_layer"
[planner_server-19] [INFO] [1767285981.143029688] [global_costmap.global_costmap]: Using plugin "obstacle_layer"
[planner_server-19] [INFO] [1767285981.143625655] [global_costmap.global_costmap]: Subscribed to Topics: scan
[planner_server-19] [INFO] [1767285981.149679451] [global_costmap.global_costmap]: Initialized plugin "obstacle_layer"
[planner_server-19] [INFO] [1767285981.149763753] [global_costmap.global_costmap]: Using plugin "inflation_layer"
[planner_server-19] [INFO] [1767285981.150433257] [global_costmap.global_costmap]: Initialized plugin "inflation_layer"
[planner_server-19] [INFO] [1767285981.163270826] [global_costmap.global_costmap]: StaticLayer: Resizing costmap to 342 X 376 at 0.050000 m/pix
[planner_server-19] [INFO] [1767285981.163490437] [planner_server]: Created global planner plugin GridBased of type nav2_navfn_planner/NavfnPlanner
[planner_server-19] [INFO] [1767285981.163539506] [planner_server]: Configuring plugin GridBased of type NavfnPlanner
[planner_server-19] [INFO] [1767285981.164404015] [planner_server]: Planner Server has GridBased  planners available.
[lifecycle_manager-16] [INFO] [1767285981.184346664] [lifecycle_manager_navigation]: [34m[1mConfiguring bt_navigator[0m[0m
[bt_navigator-21] [INFO] [1767285981.184676429] [bt_navigator]: Configuring
[lifecycle_manager-16] [INFO] [1767285981.279763535] [lifecycle_manager_navigation]: [34m[1mConfiguring behavior_server[0m[0m
[behavior_server-20] [INFO] [1767285981.280030676] [behavior_server]: Configuring
[behavior_server-20] [INFO] [1767285981.291226452] [behavior_server]: Creating behavior plugin spin of type nav2_behaviors/Spin
[behavior_server-20] [INFO] [1767285981.292506955] [behavior_server]: Configuring spin
[behavior_server-20] [INFO] [1767285981.299961897] [behavior_server]: Creating behavior plugin backup of type nav2_behaviors/BackUp
[behavior_server-20] [INFO] [1767285981.301462779] [behavior_server]: Configuring backup
[behavior_server-20] [INFO] [1767285981.312501253] [behavior_server]: Creating behavior plugin wait of type nav2_behaviors/Wait
[behavior_server-20] [INFO] [1767285981.313693368] [behavior_server]: Configuring wait
[lifecycle_manager-16] [INFO] [1767285981.323732578] [lifecycle_manager_navigation]: [34m[1mConfiguring waypoint_follower[0m[0m
[waypoint_follower-22] [INFO] [1767285981.323952917] [waypoint_follower]: Configuring
[waypoint_follower-22] [INFO] [1767285981.340135808] [waypoint_follower]: Created waypoint_task_executor : wait_at_waypoint of type nav2_waypoint_follower::WaitAtWaypoint
[waypoint_follower-22] [INFO] [1767285981.340493799] [waypoint_follower]: Waypoint pause duration is set to zero, disabling task executor plugin.
[lifecycle_manager-16] [INFO] [1767285981.341517934] [lifecycle_manager_navigation]: [34m[1mConfiguring velocity_smoother[0m[0m
[velocity_smoother-23] [INFO] [1767285981.342006978] [velocity_smoother]: Configuring velocity smoother
[lifecycle_manager-16] [INFO] [1767285981.349923290] [lifecycle_manager_navigation]: [34m[1mActivating controller_server[0m[0m
[controller_server-18] [INFO] [1767285981.350744426] [controller_server]: Activating
[controller_server-18] [INFO] [1767285981.350883080] [local_costmap.local_costmap]: Activating
[controller_server-18] [INFO] [1767285981.350919103] [local_costmap.local_costmap]: Checking transform
[controller_server-18] [INFO] [1767285981.351317659] [local_costmap.local_costmap]: start
[controller_server-18] [INFO] [1767285981.555015205] [controller_server]: Creating bond (controller_server) to lifecycle manager.
[rviz2-12] [INFO] [1767285981.574372953] [rviz2]: Trying to create a map of size 60 x 60 using 1 swatches
[lifecycle_manager-16] [INFO] [1767285981.661874605] [lifecycle_manager_navigation]: Server controller_server connected with bond.
[lifecycle_manager-16] [INFO] [1767285981.662052927] [lifecycle_manager_navigation]: [34m[1mActivating planner_server[0m[0m
[planner_server-19] [INFO] [1767285981.662596439] [planner_server]: Activating
[planner_server-19] [INFO] [1767285981.662679601] [global_costmap.global_costmap]: Activating
[planner_server-19] [INFO] [1767285981.662713269] [global_costmap.global_costmap]: Checking transform
[planner_server-19] [INFO] [1767285981.663098960] [global_costmap.global_costmap]: start
[WARNING] [launch]: user interrupted with ctrl-c (SIGINT)
[planner_server-19] [INFO] [1767285981.753706868] [rclcpp]: signal_handler(signum=2)
[behavior_server-20] [INFO] [1767285981.753703137] [rclcpp]: signal_handler(signum=2)
[behavior_server-20] [INFO] [1767285981.754026562] [behavior_server]: Running Nav2 LifecycleNode rcl preshutdown (behavior_server)
[behavior_server-20] [INFO] [1767285981.754241814] [behavior_server]: Cleaning up
[waypoint_follower-22] [INFO] [1767285981.753703768] [rclcpp]: signal_handler(signum=2)
[waypoint_follower-22] [INFO] [1767285981.754026026] [waypoint_follower]: Running Nav2 LifecycleNode rcl preshutdown (waypoint_follower)
[waypoint_follower-22] [INFO] [1767285981.754241454] [waypoint_follower]: Cleaning up
[bt_navigator-21] [INFO] [1767285981.753705177] [rclcpp]: signal_handler(signum=2)
[bt_navigator-21] [INFO] [1767285981.754955161] [bt_navigator]: Running Nav2 LifecycleNode rcl preshutdown (bt_navigator)
[bt_navigator-21] [INFO] [1767285981.755136056] [bt_navigator]: Cleaning up
[velocity_smoother-23] [INFO] [1767285981.753706815] [rclcpp]: signal_handler(signum=2)
[controller_server-18] [INFO] [1767285981.753701871] [rclcpp]: signal_handler(signum=2)
[controller_server-18] [INFO] [1767285981.756957804] [controller_server]: Running Nav2 LifecycleNode rcl preshutdown (controller_server)
[controller_server-18] [INFO] [1767285981.757100562] [controller_server]: Deactivating
[controller_server-18] [INFO] [1767285981.757213543] [local_costmap.local_costmap]: Deactivating
[lifecycle_manager-16] [INFO] [1767285981.753739199] [rclcpp]: signal_handler(signum=2)
[lifecycle_manager-16] [INFO] [1767285981.754771423] [lifecycle_manager_navigation]: Running Nav2 LifecycleManager rcl preshutdown (lifecycle_manager_navigation)
[static_transform_publisher-9] [INFO] [1767285981.753823593] [rclcpp]: signal_handler(signum=2)
[rviz2-12] [INFO] [1767285981.753845993] [rclcpp]: signal_handler(signum=2)
[robot_state_publisher-6] [INFO] [1767285981.753860276] [rclcpp]: signal_handler(signum=2)
[amcl-17] [INFO] [1767285981.753870485] [rclcpp]: signal_handler(signum=2)
[robot_state_publisher-3] [INFO] [1767285981.753873853] [rclcpp]: signal_handler(signum=2)
[lifecycle_manager-15] [INFO] [1767285981.754006021] [rclcpp]: signal_handler(signum=2)
[lifecycle_manager-15] [INFO] [1767285981.754214282] [lifecycle_manager_map_server]: Running Nav2 LifecycleManager rcl preshutdown (lifecycle_manager_map_server)
[lifecycle_manager-15] [INFO] [1767285981.754324224] [lifecycle_manager_map_server]: [34m[1mTerminating bond timer...[0m[0m
[static_transform_publisher-10] [INFO] [1767285981.754138772] [rclcpp]: signal_handler(signum=2)
[map_server-8] [INFO] [1767285981.754325838] [rclcpp]: signal_handler(signum=2)
[map_server-8] [INFO] [1767285981.754559669] [map_server]: Running Nav2 LifecycleNode rcl preshutdown (map_server)
[map_server-8] [INFO] [1767285981.754654029] [map_server]: Deactivating
[map_server-8] [INFO] [1767285981.754679350] [map_server]: Destroying bond (map_server) to lifecycle manager.
[map_republisher.py-14] Traceback (most recent call last):
[map_republisher.py-14]   File "/home/samay/agv_ros2/car/install/car_description/lib/car_description/map_republisher.py", line 58, in <module>
[map_republisher.py-14]     main()
[map_republisher.py-14]   File "/home/samay/agv_ros2/car/install/car_description/lib/car_description/map_republisher.py", line 53, in main
[map_republisher.py-14]     rclpy.spin(node)
[map_republisher.py-14]   File "/opt/ros/humble/local/lib/python3.10/dist-packages/rclpy/__init__.py", line 229, in spin
[map_republisher.py-14]     executor.spin_once()
[map_republisher.py-14]   File "/opt/ros/humble/local/lib/python3.10/dist-packages/rclpy/executors.py", line 773, in spin_once
[map_republisher.py-14]     self._spin_once_impl(timeout_sec)
[map_republisher.py-14]   File "/opt/ros/humble/local/lib/python3.10/dist-packages/rclpy/executors.py", line 762, in _spin_once_impl
[map_republisher.py-14]     handler, entity, node = self.wait_for_ready_callbacks(timeout_sec=timeout_sec)
[map_republisher.py-14]   File "/opt/ros/humble/local/lib/python3.10/dist-packages/rclpy/executors.py", line 745, in wait_for_ready_callbacks
[map_republisher.py-14]     return next(self._cb_iter)
[map_republisher.py-14]   File "/opt/ros/humble/local/lib/python3.10/dist-packages/rclpy/executors.py", line 642, in _wait_for_ready_callbacks
[map_republisher.py-14]     wait_set.wait(timeout_nsec)
[map_republisher.py-14] KeyboardInterrupt
[planner_server-19] [INFO] [1767285981.757483724] [planner_server]: Running Nav2 LifecycleNode rcl preshutdown (planner_server)
[planner_server-19] [INFO] [1767285981.757633269] [planner_server]: Destroying bond (planner_server) to lifecycle manager.
[planner_server-19] [ERROR] [1767285981.758340152] [global_costmap.global_costmap]: Failed to finish transition 3. Current state is now: active (Could not publish transition: publisher's context is invalid, at ./src/rcl/publisher.c:389, at ./src/rcl_lifecycle.c:368)
[planner_server-19] [INFO] [1767285981.758376040] [planner_server]: Activating plugin GridBased of type NavfnPlanner
[planner_server-19] [ERROR] [1767285981.762728493] [planner_server]: Caught exception in callback for transition 13
[planner_server-19] [ERROR] [1767285981.762752707] [planner_server]: Original error: could not create service: rcl node's context is invalid, at ./src/rcl/node.c:428
[planner_server-19] [ERROR] [1767285981.762792267] [planner_server]: Failed to finish transition 3. Current state is now: errorprocessing (Could not publish transition: publisher's context is invalid, at ./src/rcl/publisher.c:389, at ./src/rcl_lifecycle.c:368)
[planner_server-19] [INFO] [1767285981.770717954] [planner_server]: Destroying plugin GridBased of type NavfnPlanner
[velocity_smoother-23] [INFO] [1767285981.760119300] [velocity_smoother]: Running Nav2 LifecycleNode rcl preshutdown (velocity_smoother)
[velocity_smoother-23] [INFO] [1767285981.760348685] [velocity_smoother]: Cleaning up
[velocity_smoother-23] [INFO] [1767285981.760422366] [velocity_smoother]: Destroying bond (velocity_smoother) to lifecycle manager.
[amcl-17] [INFO] [1767285981.761462815] [amcl]: Running Nav2 LifecycleNode rcl preshutdown (amcl)
[amcl-17] [INFO] [1767285981.761676469] [amcl]: Destroying bond (amcl) to lifecycle manager.
[amcl-17] [INFO] [1767285981.771257093] [amcl]: Destroying
[cmd_vel_merger.py-11] Traceback (most recent call last):
[cmd_vel_merger.py-11]   File "/home/samay/agv_ros2/car/install/car_description/lib/car_description/cmd_vel_merger.py", line 84, in <module>
[cmd_vel_merger.py-11]     main()
[cmd_vel_merger.py-11]   File "/home/samay/agv_ros2/car/install/car_description/lib/car_description/cmd_vel_merger.py", line 79, in main
[cmd_vel_merger.py-11]     rclpy.spin(node)
[cmd_vel_merger.py-11]   File "/opt/ros/humble/local/lib/python3.10/dist-packages/rclpy/__init__.py", line 229, in spin
[cmd_vel_merger.py-11]     executor.spin_once()
[cmd_vel_merger.py-11]   File "/opt/ros/humble/local/lib/python3.10/dist-packages/rclpy/executors.py", line 773, in spin_once
[cmd_vel_merger.py-11]     self._spin_once_impl(timeout_sec)
[cmd_vel_merger.py-11]   File "/opt/ros/humble/local/lib/python3.10/dist-packages/rclpy/executors.py", line 762, in _spin_once_impl
[cmd_vel_merger.py-11]     handler, entity, node = self.wait_for_ready_callbacks(timeout_sec=timeout_sec)
[cmd_vel_merger.py-11]   File "/opt/ros/humble/local/lib/python3.10/dist-packages/rclpy/executors.py", line 745, in wait_for_ready_callbacks
[cmd_vel_merger.py-11]     return next(self._cb_iter)
[cmd_vel_merger.py-11]   File "/opt/ros/humble/local/lib/python3.10/dist-packages/rclpy/executors.py", line 642, in _wait_for_ready_callbacks
[cmd_vel_merger.py-11]     wait_set.wait(timeout_nsec)
[cmd_vel_merger.py-11] KeyboardInterrupt
[map_server-8] [INFO] [1767285981.765233566] [map_server]: Cleaning up
[map_server-8] [INFO] [1767285981.765415797] [map_server]: Destroying bond (map_server) to lifecycle manager.
[velocity_smoother-23] [INFO] [1767285981.782320049] [velocity_smoother]: Destroying
[behavior_server-20] [INFO] [1767285981.786133218] [behavior_server]: Destroying bond (behavior_server) to lifecycle manager.
[planner_server-19] Warning: class_loader.ClassLoader: SEVERE WARNING!!! Attempting to unload library while objects created by this loader exist in the heap! You should delete your objects before attempting to unload the library or destroying the ClassLoader. The library will NOT be unloaded.
[planner_server-19]          at line 127 in ./src/class_loader.cpp
[planner_server-19] terminate called without an active exception
[waypoint_follower-22] [INFO] [1767285981.800640558] [waypoint_follower]: Destroying bond (waypoint_follower) to lifecycle manager.
[map_server-8] [INFO] [1767285981.801921618] [map_server]: Destroying
[lifecycle_manager-15] [INFO] [1767285981.819066203] [lifecycle_manager_map_server]: Destroying lifecycle_manager_map_server
[waypoint_follower-22] [INFO] [1767285981.826643410] [waypoint_follower]: Destroying
[behavior_server-20] [INFO] [1767285981.859330997] [behavior_server]: Destroying
[bt_navigator-21] [INFO] [1767285981.867848287] [bt_navigator]: Completed Cleaning up
[bt_navigator-21] [INFO] [1767285981.868020526] [bt_navigator]: Destroying bond (bt_navigator) to lifecycle manager.
[bt_navigator-21] [INFO] [1767285981.880731222] [bt_navigator]: Destroying
[INFO] [static_transform_publisher-10]: process has finished cleanly [pid 7250]
[ERROR] [cmd_vel_merger.py-11]: process has died [pid 7252, exit code -2, cmd '/home/samay/agv_ros2/car/install/car_description/lib/car_description/cmd_vel_merger.py --ros-args -r __node:=cmd_vel_merger --params-file /tmp/launch_params_cggf9iau'].
[INFO] [robot_state_publisher-6]: process has finished cleanly [pid 7242]
[ERROR] [map_republisher.py-14]: process has died [pid 7969, exit code -2, cmd '/home/samay/agv_ros2/car/install/car_description/lib/car_description/map_republisher.py --ros-args -r __node:=map_republisher --params-file /tmp/launch_params_92zbh4fj'].
[INFO] [robot_state_publisher-3]: process has finished cleanly [pid 7236]
[controller_server-18] [INFO] [1767285981.951728680] [controller_server]: Destroying bond (controller_server) to lifecycle manager.
[INFO] [amcl-17]: process has finished cleanly [pid 8643]
[INFO] [lifecycle_manager-15]: process has finished cleanly [pid 8151]
[controller_server-18] [INFO] [1767285981.962307689] [controller_server]: Cleaning up
[controller_server-18] [INFO] [1767285981.962738579] [local_costmap.local_costmap]: Cleaning up
[INFO] [static_transform_publisher-9]: process has finished cleanly [pid 7248]
[INFO] [waypoint_follower-22]: process has finished cleanly [pid 8653]
[controller_server-18] [INFO] [1767285981.970798271] [controller_server]: Destroying bond (controller_server) to lifecycle manager.
[INFO] [velocity_smoother-23]: process has finished cleanly [pid 8655]
[controller_server-18] [INFO] [1767285981.973316793] [local_costmap.local_costmap]: Destroying
[INFO] [map_server-8]: process has finished cleanly [pid 7246]
[controller_server-18] [INFO] [1767285981.975441801] [controller_server]: Destroying
[INFO] [behavior_server-20]: process has finished cleanly [pid 8649]
[INFO] [bt_navigator-21]: process has finished cleanly [pid 8651]
[INFO] [rviz2-12]: process has finished cleanly [pid 7254]
[INFO] [gzserver-1]: process has finished cleanly [pid 7232]
[INFO] [joint_state_publisher-7]: process has finished cleanly [pid 7244]
[INFO] [joint_state_publisher-4]: process has finished cleanly [pid 7238]
[INFO] [controller_server-18]: process has finished cleanly [pid 8645]
[INFO] [gzclient-2]: process has finished cleanly [pid 7234]
[ERROR] [planner_server-19]: process has died [pid 8647, exit code -6, cmd '/opt/ros/humble/lib/nav2_planner/planner_server --ros-args -r __node:=planner_server --params-file /home/samay/agv_ros2/car/install/car_description/share/car_description/config/nav2_params.yaml --params-file /tmp/launch_params_wir0ipp1'].
[lifecycle_manager-16] [ERROR] [1767285983.764380647] [lifecycle_manager_navigation]: Failed to change state for node: planner_server. Exception: planner_server/get_state service client: async_send_request failed.
[lifecycle_manager-16] [ERROR] [1767285983.764491193] [lifecycle_manager_navigation]: Failed to bring up all requested nodes. Aborting bringup.
[lifecycle_manager-16] [INFO] [1767285983.781975837] [lifecycle_manager_navigation]: Destroying lifecycle_manager_navigation
[INFO] [lifecycle_manager-16]: process has finished cleanly [pid 8641]
