[0.006s] Invoking command in '/home/samay/car/build/car_description': CMAKE_PREFIX_PATH=${CMAKE_PREFIX_PATH}:/opt/ros/humble /usr/bin/cmake --build /home/samay/car/build/car_description -- -j12 -l12
[0.021s] -- Found ament_cmake: 1.3.12 (/opt/ros/humble/share/ament_cmake/cmake)
[0.101s] -- Found rclpy: 3.3.19 (/opt/ros/humble/share/rclpy/cmake)
[0.101s] -- Found urdf: 2.6.1 (/opt/ros/humble/share/urdf/cmake)
[0.123s] -- Found sensor_msgs: 4.9.0 (/opt/ros/humble/share/sensor_msgs/cmake)
[0.143s] -- Found rosidl_generator_c: 3.1.7 (/opt/ros/humble/share/rosidl_generator_c/cmake)
[0.147s] -- Found rosidl_adapter: 3.1.7 (/opt/ros/humble/share/rosidl_adapter/cmake)
[0.153s] -- Found rosidl_generator_cpp: 3.1.7 (/opt/ros/humble/share/rosidl_generator_cpp/cmake)
[0.163s] -- Using all available rosidl_typesupport_c: rosidl_typesupport_fastrtps_c;rosidl_typesupport_introspection_c
[0.172s] -- Using all available rosidl_typesupport_cpp: rosidl_typesupport_fastrtps_cpp;rosidl_typesupport_introspection_cpp
[0.256s] -- Configuring done
[0.258s] -- Generating done
[0.259s] -- Build files have been written to: /home/samay/car/build/car_description
[0.275s] Invoked command in '/home/samay/car/build/car_description' returned '0': CMAKE_PREFIX_PATH=${CMAKE_PREFIX_PATH}:/opt/ros/humble /usr/bin/cmake --build /home/samay/car/build/car_description -- -j12 -l12
[0.285s] Invoking command in '/home/samay/car/build/car_description': CMAKE_PREFIX_PATH=${CMAKE_PREFIX_PATH}:/opt/ros/humble /usr/bin/cmake --install /home/samay/car/build/car_description
[0.292s] -- Install configuration: ""
[0.292s] -- Up-to-date: /home/samay/car/install/car_description/share/car_description/urdf
[0.292s] -- Up-to-date: /home/samay/car/install/car_description/share/car_description/urdf/base.xacro
[0.292s] -- Up-to-date: /home/samay/car/install/car_description/share/car_description/urdf/motor.xacro
[0.293s] -- Up-to-date: /home/samay/car/install/car_description/share/car_description/urdf/robot.xacro
[0.293s] -- Up-to-date: /home/samay/car/install/car_description/share/car_description/urdf/lidar.xacro
[0.293s] -- Up-to-date: /home/samay/car/install/car_description/share/car_description/urdf/wheel.xacro
[0.293s] -- Up-to-date: /home/samay/car/install/car_description/share/car_description/urdf/pillar.xacro
[0.293s] -- Up-to-date: /home/samay/car/install/car_description/share/car_description/launch
[0.293s] -- Up-to-date: /home/samay/car/install/car_description/share/car_description/launch/car.launch.py
[0.293s] -- Installing: /home/samay/car/install/car_description/share/car_description/launch/teleop.launch.py
[0.293s] -- Up-to-date: /home/samay/car/install/car_description/share/car_description/config
[0.293s] -- Installing: /home/samay/car/install/car_description/share/car_description/config/joystick.yaml
[0.293s] -- Up-to-date: /home/samay/car/install/car_description/share/car_description/config/car.rviz
[0.293s] -- Up-to-date: /home/samay/car/install/car_description/share/car_description/worlds
[0.294s] -- Up-to-date: /home/samay/car/install/car_description/share/car_description/worlds/my_car_world.world
[0.294s] -- Up-to-date: /home/samay/car/install/car_description/share/car_description/car_world
[0.294s] -- Up-to-date: /home/samay/car/install/car_description/share/car_description/car_world/model.sdf
[0.294s] -- Up-to-date: /home/samay/car/install/car_description/share/car_description/car_world/model.config
[0.294s] -- Installing: /home/samay/car/install/car_description/lib/car_description/simple_car_teleop.py
[0.294s] -- Installing: /home/samay/car/install/car_description/share/ament_index/resource_index/package_run_dependencies/car_description
[0.294s] -- Up-to-date: /home/samay/car/install/car_description/share/ament_index/resource_index/parent_prefix_path/car_description
[0.294s] -- Up-to-date: /home/samay/car/install/car_description/share/car_description/environment/ament_prefix_path.sh
[0.294s] -- Installing: /home/samay/car/install/car_description/share/car_description/environment/ament_prefix_path.dsv
[0.294s] -- Up-to-date: /home/samay/car/install/car_description/share/car_description/environment/path.sh
[0.295s] -- Installing: /home/samay/car/install/car_description/share/car_description/environment/path.dsv
[0.295s] -- Up-to-date: /home/samay/car/install/car_description/share/car_description/local_setup.bash
[0.295s] -- Up-to-date: /home/samay/car/install/car_description/share/car_description/local_setup.sh
[0.295s] -- Up-to-date: /home/samay/car/install/car_description/share/car_description/local_setup.zsh
[0.295s] -- Installing: /home/samay/car/install/car_description/share/car_description/local_setup.dsv
[0.295s] -- Installing: /home/samay/car/install/car_description/share/car_description/package.dsv
[0.295s] -- Up-to-date: /home/samay/car/install/car_description/share/ament_index/resource_index/packages/car_description
[0.295s] -- Up-to-date: /home/samay/car/install/car_description/share/car_description/cmake/car_descriptionConfig.cmake
[0.295s] -- Up-to-date: /home/samay/car/install/car_description/share/car_description/cmake/car_descriptionConfig-version.cmake
[0.295s] -- Installing: /home/samay/car/install/car_description/share/car_description/package.xml
[0.296s] Invoked command in '/home/samay/car/build/car_description' returned '0': CMAKE_PREFIX_PATH=${CMAKE_PREFIX_PATH}:/opt/ros/humble /usr/bin/cmake --install /home/samay/car/build/car_description
