[0.006s] Invoking command in '/home/samay/AVG/car/build/car_description': CMAKE_PREFIX_PATH=${CMAKE_PREFIX_PATH}:/opt/ros/humble /usr/bin/cmake /home/samay/AVG/car/src/car_description -DCMAKE_INSTALL_PREFIX=/home/samay/AVG/car/install/car_description
[0.094s] -- The C compiler identification is GNU 11.4.0
[0.159s] -- The CXX compiler identification is GNU 11.4.0
[0.165s] -- Detecting C compiler ABI info
[0.211s] -- Detecting C compiler ABI info - done
[0.216s] -- Check for working C compiler: /usr/bin/cc - skipped
[0.216s] -- Detecting C compile features
[0.216s] -- Detecting C compile features - done
[0.218s] -- Detecting CXX compiler ABI info
[0.272s] -- Detecting CXX compiler ABI info - done
[0.277s] -- Check for working CXX compiler: /usr/bin/c++ - skipped
[0.277s] -- Detecting CXX compile features
[0.277s] -- Detecting CXX compile features - done
[0.279s] -- Found ament_cmake: 1.3.12 (/opt/ros/humble/share/ament_cmake/cmake)
[0.384s] -- Found Python3: /usr/bin/python3 (found version "3.10.12") found components: Interpreter 
[0.442s] -- Found rclpy: 3.3.19 (/opt/ros/humble/share/rclpy/cmake)
[0.443s] -- Found urdf: 2.6.1 (/opt/ros/humble/share/urdf/cmake)
[0.477s] -- Found sensor_msgs: 4.9.0 (/opt/ros/humble/share/sensor_msgs/cmake)
[0.492s] -- Found rosidl_generator_c: 3.1.7 (/opt/ros/humble/share/rosidl_generator_c/cmake)
[0.495s] -- Found rosidl_adapter: 3.1.7 (/opt/ros/humble/share/rosidl_adapter/cmake)
[0.500s] -- Found rosidl_generator_cpp: 3.1.7 (/opt/ros/humble/share/rosidl_generator_cpp/cmake)
[0.508s] -- Using all available rosidl_typesupport_c: rosidl_typesupport_fastrtps_c;rosidl_typesupport_introspection_c
[0.516s] -- Using all available rosidl_typesupport_cpp: rosidl_typesupport_fastrtps_cpp;rosidl_typesupport_introspection_cpp
[0.597s] -- Configuring done
[0.599s] -- Generating done
[0.600s] -- Build files have been written to: /home/samay/AVG/car/build/car_description
[0.606s] Invoked command in '/home/samay/AVG/car/build/car_description' returned '0': CMAKE_PREFIX_PATH=${CMAKE_PREFIX_PATH}:/opt/ros/humble /usr/bin/cmake /home/samay/AVG/car/src/car_description -DCMAKE_INSTALL_PREFIX=/home/samay/AVG/car/install/car_description
[0.606s] Invoking command in '/home/samay/AVG/car/build/car_description': CMAKE_PREFIX_PATH=${CMAKE_PREFIX_PATH}:/opt/ros/humble /usr/bin/cmake --build /home/samay/AVG/car/build/car_description -- -j12 -l12
[0.636s] Invoked command in '/home/samay/AVG/car/build/car_description' returned '0': CMAKE_PREFIX_PATH=${CMAKE_PREFIX_PATH}:/opt/ros/humble /usr/bin/cmake --build /home/samay/AVG/car/build/car_description -- -j12 -l12
[0.645s] Invoking command in '/home/samay/AVG/car/build/car_description': CMAKE_PREFIX_PATH=${CMAKE_PREFIX_PATH}:/opt/ros/humble /usr/bin/cmake --install /home/samay/AVG/car/build/car_description
[0.649s] -- Install configuration: ""
[0.650s] -- Up-to-date: /home/samay/AVG/car/install/car_description/share/car_description/urdf
[0.650s] -- Up-to-date: /home/samay/AVG/car/install/car_description/share/car_description/urdf/newcar.xacro
[0.650s] -- Up-to-date: /home/samay/AVG/car/install/car_description/share/car_description/launch
[0.650s] -- Up-to-date: /home/samay/AVG/car/install/car_description/share/car_description/launch/car.launch.py
[0.650s] -- Up-to-date: /home/samay/AVG/car/install/car_description/share/car_description/launch/teleop.launch.py
[0.650s] -- Up-to-date: /home/samay/AVG/car/install/car_description/share/car_description/launch/nav2_bringup.launch.py
[0.650s] -- Up-to-date: /home/samay/AVG/car/install/car_description/share/car_description/launch/slam.launch.py
[0.650s] -- Up-to-date: /home/samay/AVG/car/install/car_description/share/car_description/config
[0.650s] -- Up-to-date: /home/samay/AVG/car/install/car_description/share/car_description/config/slam.yaml
[0.650s] -- Up-to-date: /home/samay/AVG/car/install/car_description/share/car_description/config/nav2_params.yaml
[0.650s] -- Up-to-date: /home/samay/AVG/car/install/car_description/share/car_description/config/car.rviz
[0.650s] -- Up-to-date: /home/samay/AVG/car/install/car_description/share/car_description/worlds
[0.650s] -- Up-to-date: /home/samay/AVG/car/install/car_description/share/car_description/worlds/my_car_world.world
[0.650s] -- Up-to-date: /home/samay/AVG/car/install/car_description/share/car_description/car_world
[0.650s] -- Up-to-date: /home/samay/AVG/car/install/car_description/share/car_description/car_world/model.sdf
[0.650s] -- Up-to-date: /home/samay/AVG/car/install/car_description/share/car_description/car_world/model.config
[0.650s] -- Up-to-date: /home/samay/AVG/car/install/car_description/share/car_description/meshes
[0.650s] -- Up-to-date: /home/samay/AVG/car/install/car_description/share/car_description/meshes/panther
[0.650s] -- Up-to-date: /home/samay/AVG/car/install/car_description/share/car_description/meshes/panther/base_collision.stl
[0.650s] -- Up-to-date: /home/samay/AVG/car/install/car_description/share/car_description/meshes/panther/base.dae
[0.650s] -- Up-to-date: /home/samay/AVG/car/install/car_description/share/car_description/meshes/WH05
[0.650s] -- Up-to-date: /home/samay/AVG/car/install/car_description/share/car_description/meshes/WH05/rr_wheel.dae
[0.650s] -- Up-to-date: /home/samay/AVG/car/install/car_description/share/car_description/meshes/WH05/rl_wheel.dae
[0.650s] -- Up-to-date: /home/samay/AVG/car/install/car_description/share/car_description/meshes/WH05/fl_wheel.dae
[0.651s] -- Up-to-date: /home/samay/AVG/car/install/car_description/share/car_description/meshes/WH05/G1.STL
[0.651s] -- Up-to-date: /home/samay/AVG/car/install/car_description/share/car_description/meshes/WH05/G.stl
[0.651s] -- Up-to-date: /home/samay/AVG/car/install/car_description/share/car_description/meshes/WH05/fr_wheel.dae
[0.651s] -- Up-to-date: /home/samay/AVG/car/install/car_description/share/car_description/map
[0.651s] -- Up-to-date: /home/samay/AVG/car/install/car_description/share/car_description/map/my_map.pgm
[0.651s] -- Up-to-date: /home/samay/AVG/car/install/car_description/share/car_description/map/my_map.yaml
[0.651s] -- Up-to-date: /home/samay/AVG/car/install/car_description/lib/car_description/simple_car_teleop.py
[0.651s] -- Up-to-date: /home/samay/AVG/car/install/car_description/lib/car_description/car_teleop_node.py
[0.651s] -- Up-to-date: /home/samay/AVG/car/install/car_description/lib/car_description/map_republisher.py
[0.651s] -- Up-to-date: /home/samay/AVG/car/install/car_description/lib/car_description/cmd_vel_merger.py
[0.651s] -- Installing: /home/samay/AVG/car/install/car_description/share/ament_index/resource_index/package_run_dependencies/car_description
[0.651s] -- Installing: /home/samay/AVG/car/install/car_description/share/ament_index/resource_index/parent_prefix_path/car_description
[0.651s] -- Up-to-date: /home/samay/AVG/car/install/car_description/share/car_description/environment/ament_prefix_path.sh
[0.651s] -- Installing: /home/samay/AVG/car/install/car_description/share/car_description/environment/ament_prefix_path.dsv
[0.651s] -- Up-to-date: /home/samay/AVG/car/install/car_description/share/car_description/environment/path.sh
[0.651s] -- Installing: /home/samay/AVG/car/install/car_description/share/car_description/environment/path.dsv
[0.651s] -- Installing: /home/samay/AVG/car/install/car_description/share/car_description/local_setup.bash
[0.651s] -- Installing: /home/samay/AVG/car/install/car_description/share/car_description/local_setup.sh
[0.651s] -- Installing: /home/samay/AVG/car/install/car_description/share/car_description/local_setup.zsh
[0.651s] -- Installing: /home/samay/AVG/car/install/car_description/share/car_description/local_setup.dsv
[0.651s] -- Installing: /home/samay/AVG/car/install/car_description/share/car_description/package.dsv
[0.652s] -- Installing: /home/samay/AVG/car/install/car_description/share/ament_index/resource_index/packages/car_description
[0.652s] -- Installing: /home/samay/AVG/car/install/car_description/share/car_description/cmake/car_descriptionConfig.cmake
[0.652s] -- Installing: /home/samay/AVG/car/install/car_description/share/car_description/cmake/car_descriptionConfig-version.cmake
[0.652s] -- Up-to-date: /home/samay/AVG/car/install/car_description/share/car_description/package.xml
[0.653s] Invoked command in '/home/samay/AVG/car/build/car_description' returned '0': CMAKE_PREFIX_PATH=${CMAKE_PREFIX_PATH}:/opt/ros/humble /usr/bin/cmake --install /home/samay/AVG/car/build/car_description
