[0.005s] Invoking command in '/home/samay/car/build/car_description': CMAKE_PREFIX_PATH=/opt/ros/humble /usr/bin/cmake /home/samay/car/src/car_description -DCMAKE_INSTALL_PREFIX=/home/samay/car/install/car_description
[0.094s] -- The C compiler identification is GNU 11.4.0
[0.160s] -- The CXX compiler identification is GNU 11.4.0
[0.166s] -- Detecting C compiler ABI info
[0.211s] -- Detecting C compiler ABI info - done
[0.215s] -- Check for working C compiler: /usr/bin/cc - skipped
[0.216s] -- Detecting C compile features
[0.216s] -- Detecting C compile features - done
[0.219s] -- Detecting CXX compiler ABI info
[0.272s] -- Detecting CXX compiler ABI info - done
[0.277s] -- Check for working CXX compiler: /usr/bin/c++ - skipped
[0.277s] -- Detecting CXX compile features
[0.277s] -- Detecting CXX compile features - done
[0.284s] -- Found ament_cmake: 1.3.12 (/opt/ros/humble/share/ament_cmake/cmake)
[0.384s] -- Found Python3: /usr/bin/python3 (found version "3.10.12") found components: Interpreter 
[0.449s] -- Found rclpy: 3.3.19 (/opt/ros/humble/share/rclpy/cmake)
[0.450s] -- Found urdf: 2.6.1 (/opt/ros/humble/share/urdf/cmake)
[0.492s] -- Found sensor_msgs: 4.9.0 (/opt/ros/humble/share/sensor_msgs/cmake)
[0.511s] -- Found rosidl_generator_c: 3.1.7 (/opt/ros/humble/share/rosidl_generator_c/cmake)
[0.515s] -- Found rosidl_adapter: 3.1.7 (/opt/ros/humble/share/rosidl_adapter/cmake)
[0.522s] -- Found rosidl_generator_cpp: 3.1.7 (/opt/ros/humble/share/rosidl_generator_cpp/cmake)
[0.532s] -- Using all available rosidl_typesupport_c: rosidl_typesupport_fastrtps_c;rosidl_typesupport_introspection_c
[0.542s] -- Using all available rosidl_typesupport_cpp: rosidl_typesupport_fastrtps_cpp;rosidl_typesupport_introspection_cpp
[0.626s] -- Configuring done
[0.628s] -- Generating done
[0.629s] -- Build files have been written to: /home/samay/car/build/car_description
[0.634s] Invoked command in '/home/samay/car/build/car_description' returned '0': CMAKE_PREFIX_PATH=/opt/ros/humble /usr/bin/cmake /home/samay/car/src/car_description -DCMAKE_INSTALL_PREFIX=/home/samay/car/install/car_description
[0.635s] Invoking command in '/home/samay/car/build/car_description': CMAKE_PREFIX_PATH=/opt/ros/humble /usr/bin/cmake --build /home/samay/car/build/car_description -- -j12 -l12
[0.667s] Invoked command in '/home/samay/car/build/car_description' returned '0': CMAKE_PREFIX_PATH=/opt/ros/humble /usr/bin/cmake --build /home/samay/car/build/car_description -- -j12 -l12
[0.678s] Invoking command in '/home/samay/car/build/car_description': CMAKE_PREFIX_PATH=/opt/ros/humble /usr/bin/cmake --install /home/samay/car/build/car_description
[0.684s] -- Install configuration: ""
[0.684s] -- Installing: /home/samay/car/install/car_description/share/car_description/urdf
[0.684s] -- Installing: /home/samay/car/install/car_description/share/car_description/urdf/base.xacro
[0.684s] -- Installing: /home/samay/car/install/car_description/share/car_description/urdf/motor.xacro
[0.684s] -- Installing: /home/samay/car/install/car_description/share/car_description/urdf/robot.xacro
[0.684s] -- Installing: /home/samay/car/install/car_description/share/car_description/urdf/lidar.xacro
[0.684s] -- Installing: /home/samay/car/install/car_description/share/car_description/urdf/wheel.xacro
[0.684s] -- Installing: /home/samay/car/install/car_description/share/car_description/urdf/pillar.xacro
[0.684s] -- Installing: /home/samay/car/install/car_description/share/car_description/launch
[0.684s] -- Installing: /home/samay/car/install/car_description/share/car_description/launch/car.launch.py
[0.685s] -- Installing: /home/samay/car/install/car_description/share/car_description/launch/teleop.launch.py
[0.685s] -- Installing: /home/samay/car/install/car_description/share/car_description/launch/slam.launch.py
[0.685s] -- Installing: /home/samay/car/install/car_description/share/car_description/config
[0.685s] -- Installing: /home/samay/car/install/car_description/share/car_description/config/car.rviz
[0.685s] -- Installing: /home/samay/car/install/car_description/share/car_description/worlds
[0.685s] -- Installing: /home/samay/car/install/car_description/share/car_description/worlds/my_car_world.world
[0.685s] -- Installing: /home/samay/car/install/car_description/share/car_description/car_world
[0.685s] -- Installing: /home/samay/car/install/car_description/share/car_description/car_world/model.sdf
[0.685s] -- Installing: /home/samay/car/install/car_description/share/car_description/car_world/model.config
[0.685s] -- Installing: /home/samay/car/install/car_description/lib/car_description/simple_car_teleop.py
[0.685s] -- Installing: /home/samay/car/install/car_description/lib/car_description/car_teleop_node.py
[0.686s] -- Installing: /home/samay/car/install/car_description/share/ament_index/resource_index/package_run_dependencies/car_description
[0.686s] -- Installing: /home/samay/car/install/car_description/share/ament_index/resource_index/parent_prefix_path/car_description
[0.686s] -- Installing: /home/samay/car/install/car_description/share/car_description/environment/ament_prefix_path.sh
[0.686s] -- Installing: /home/samay/car/install/car_description/share/car_description/environment/ament_prefix_path.dsv
[0.686s] -- Installing: /home/samay/car/install/car_description/share/car_description/environment/path.sh
[0.686s] -- Installing: /home/samay/car/install/car_description/share/car_description/environment/path.dsv
[0.686s] -- Installing: /home/samay/car/install/car_description/share/car_description/local_setup.bash
[0.686s] -- Installing: /home/samay/car/install/car_description/share/car_description/local_setup.sh
[0.686s] -- Installing: /home/samay/car/install/car_description/share/car_description/local_setup.zsh
[0.686s] -- Installing: /home/samay/car/install/car_description/share/car_description/local_setup.dsv
[0.686s] -- Installing: /home/samay/car/install/car_description/share/car_description/package.dsv
[0.686s] -- Installing: /home/samay/car/install/car_description/share/ament_index/resource_index/packages/car_description
[0.686s] -- Installing: /home/samay/car/install/car_description/share/car_description/cmake/car_descriptionConfig.cmake
[0.686s] -- Installing: /home/samay/car/install/car_description/share/car_description/cmake/car_descriptionConfig-version.cmake
[0.687s] -- Installing: /home/samay/car/install/car_description/share/car_description/package.xml
[0.687s] Invoked command in '/home/samay/car/build/car_description' returned '0': CMAKE_PREFIX_PATH=/opt/ros/humble /usr/bin/cmake --install /home/samay/car/build/car_description
