-- Install configuration: ""
-- Up-to-date: /home/samay/AVG/car/install/car_description/share/car_description/urdf
-- Up-to-date: /home/samay/AVG/car/install/car_description/share/car_description/urdf/newcar.xacro
-- Up-to-date: /home/samay/AVG/car/install/car_description/share/car_description/launch
-- Installing: /home/samay/AVG/car/install/car_description/share/car_description/launch/car.launch.py
-- Up-to-date: /home/samay/AVG/car/install/car_description/share/car_description/launch/teleop.launch.py
-- Up-to-date: /home/samay/AVG/car/install/car_description/share/car_description/launch/nav2_bringup.launch.py
-- Up-to-date: /home/samay/AVG/car/install/car_description/share/car_description/launch/slam.launch.py
-- Up-to-date: /home/samay/AVG/car/install/car_description/share/car_description/config
-- Up-to-date: /home/samay/AVG/car/install/car_description/share/car_description/config/slam.yaml
-- Installing: /home/samay/AVG/car/install/car_description/share/car_description/config/nav2_params.yaml
-- Up-to-date: /home/samay/AVG/car/install/car_description/share/car_description/config/car.rviz
-- Up-to-date: /home/samay/AVG/car/install/car_description/share/car_description/worlds
-- Up-to-date: /home/samay/AVG/car/install/car_description/share/car_description/worlds/my_car_world.world
-- Up-to-date: /home/samay/AVG/car/install/car_description/share/car_description/car_world
-- Up-to-date: /home/samay/AVG/car/install/car_description/share/car_description/car_world/model.sdf
-- Up-to-date: /home/samay/AVG/car/install/car_description/share/car_description/car_world/model.config
-- Up-to-date: /home/samay/AVG/car/install/car_description/share/car_description/meshes
-- Up-to-date: /home/samay/AVG/car/install/car_description/share/car_description/meshes/panther
-- Up-to-date: /home/samay/AVG/car/install/car_description/share/car_description/meshes/panther/base_collision.stl
-- Up-to-date: /home/samay/AVG/car/install/car_description/share/car_description/meshes/panther/base.dae
-- Up-to-date: /home/samay/AVG/car/install/car_description/share/car_description/meshes/WH05
-- Up-to-date: /home/samay/AVG/car/install/car_description/share/car_description/meshes/WH05/rr_wheel.dae
-- Up-to-date: /home/samay/AVG/car/install/car_description/share/car_description/meshes/WH05/rl_wheel.dae
-- Up-to-date: /home/samay/AVG/car/install/car_description/share/car_description/meshes/WH05/fl_wheel.dae
-- Up-to-date: /home/samay/AVG/car/install/car_description/share/car_description/meshes/WH05/G1.STL
-- Up-to-date: /home/samay/AVG/car/install/car_description/share/car_description/meshes/WH05/G.stl
-- Up-to-date: /home/samay/AVG/car/install/car_description/share/car_description/meshes/WH05/fr_wheel.dae
-- Up-to-date: /home/samay/AVG/car/install/car_description/share/car_description/map
-- Up-to-date: /home/samay/AVG/car/install/car_description/share/car_description/map/my_map.pgm
-- Up-to-date: /home/samay/AVG/car/install/car_description/share/car_description/map/my_map.yaml
-- Up-to-date: /home/samay/AVG/car/install/car_description/lib/car_description/simple_car_teleop.py
-- Up-to-date: /home/samay/AVG/car/install/car_description/lib/car_description/car_teleop_node.py
-- Up-to-date: /home/samay/AVG/car/install/car_description/lib/car_description/map_republisher.py
-- Up-to-date: /home/samay/AVG/car/install/car_description/lib/car_description/cmd_vel_merger.py
-- Up-to-date: /home/samay/AVG/car/install/car_description/share/ament_index/resource_index/package_run_dependencies/car_description
-- Up-to-date: /home/samay/AVG/car/install/car_description/share/ament_index/resource_index/parent_prefix_path/car_description
-- Up-to-date: /home/samay/AVG/car/install/car_description/share/car_description/environment/ament_prefix_path.sh
-- Up-to-date: /home/samay/AVG/car/install/car_description/share/car_description/environment/ament_prefix_path.dsv
-- Up-to-date: /home/samay/AVG/car/install/car_description/share/car_description/environment/path.sh
-- Up-to-date: /home/samay/AVG/car/install/car_description/share/car_description/environment/path.dsv
-- Up-to-date: /home/samay/AVG/car/install/car_description/share/car_description/local_setup.bash
-- Up-to-date: /home/samay/AVG/car/install/car_description/share/car_description/local_setup.sh
-- Up-to-date: /home/samay/AVG/car/install/car_description/share/car_description/local_setup.zsh
-- Up-to-date: /home/samay/AVG/car/install/car_description/share/car_description/local_setup.dsv
-- Installing: /home/samay/AVG/car/install/car_description/share/car_description/package.dsv
-- Up-to-date: /home/samay/AVG/car/install/car_description/share/ament_index/resource_index/packages/car_description
-- Up-to-date: /home/samay/AVG/car/install/car_description/share/car_description/cmake/car_descriptionConfig.cmake
-- Up-to-date: /home/samay/AVG/car/install/car_description/share/car_description/cmake/car_descriptionConfig-version.cmake
-- Up-to-date: /home/samay/AVG/car/install/car_description/share/car_description/package.xml
