[0.006s] Invoking command in '/home/samay/AVG/car/build/car_description': CMAKE_PREFIX_PATH=${CMAKE_PREFIX_PATH}:/opt/ros/humble /usr/bin/cmake /home/samay/AVG/car/src/car_description -DCMAKE_INSTALL_PREFIX=/home/samay/AVG/car/install/car_description
[0.056s] -- The C compiler identification is GNU 11.4.0
[0.095s] -- The CXX compiler identification is GNU 11.4.0
[0.100s] -- Detecting C compiler ABI info
[0.148s] -- Detecting C compiler ABI info - done
[0.153s] -- Check for working C compiler: /usr/bin/cc - skipped
[0.153s] -- Detecting C compile features
[0.153s] -- Detecting C compile features - done
[0.155s] -- Detecting CXX compiler ABI info
[0.213s] -- Detecting CXX compiler ABI info - done
[0.218s] -- Check for working CXX compiler: /usr/bin/c++ - skipped
[0.218s] -- Detecting CXX compile features
[0.218s] -- Detecting CXX compile features - done
[0.220s] -- Found ament_cmake: 1.3.12 (/opt/ros/humble/share/ament_cmake/cmake)
[0.327s] -- Found Python3: /usr/bin/python3 (found version "3.10.12") found components: Interpreter 
[0.385s] -- Found rclpy: 3.3.19 (/opt/ros/humble/share/rclpy/cmake)
[0.386s] -- Found urdf: 2.6.1 (/opt/ros/humble/share/urdf/cmake)
[0.430s] -- Found sensor_msgs: 4.9.0 (/opt/ros/humble/share/sensor_msgs/cmake)
[0.448s] -- Found rosidl_generator_c: 3.1.7 (/opt/ros/humble/share/rosidl_generator_c/cmake)
[0.452s] -- Found rosidl_adapter: 3.1.7 (/opt/ros/humble/share/rosidl_adapter/cmake)
[0.459s] -- Found rosidl_generator_cpp: 3.1.7 (/opt/ros/humble/share/rosidl_generator_cpp/cmake)
[0.467s] -- Using all available rosidl_typesupport_c: rosidl_typesupport_fastrtps_c;rosidl_typesupport_introspection_c
[0.477s] -- Using all available rosidl_typesupport_cpp: rosidl_typesupport_fastrtps_cpp;rosidl_typesupport_introspection_cpp
[0.565s] -- Configuring done
[0.567s] -- Generating done
[0.568s] -- Build files have been written to: /home/samay/AVG/car/build/car_description
[0.574s] Invoked command in '/home/samay/AVG/car/build/car_description' returned '0': CMAKE_PREFIX_PATH=${CMAKE_PREFIX_PATH}:/opt/ros/humble /usr/bin/cmake /home/samay/AVG/car/src/car_description -DCMAKE_INSTALL_PREFIX=/home/samay/AVG/car/install/car_description
[0.575s] Invoking command in '/home/samay/AVG/car/build/car_description': CMAKE_PREFIX_PATH=${CMAKE_PREFIX_PATH}:/opt/ros/humble /usr/bin/cmake --build /home/samay/AVG/car/build/car_description -- -j12 -l12
[0.600s] Invoked command in '/home/samay/AVG/car/build/car_description' returned '0': CMAKE_PREFIX_PATH=${CMAKE_PREFIX_PATH}:/opt/ros/humble /usr/bin/cmake --build /home/samay/AVG/car/build/car_description -- -j12 -l12
[0.606s] Invoking command in '/home/samay/AVG/car/build/car_description': CMAKE_PREFIX_PATH=${CMAKE_PREFIX_PATH}:/opt/ros/humble /usr/bin/cmake --install /home/samay/AVG/car/build/car_description
[0.611s] -- Install configuration: ""
[0.611s] -- Installing: /home/samay/AVG/car/install/car_description/share/car_description/urdf
[0.611s] -- Installing: /home/samay/AVG/car/install/car_description/share/car_description/urdf/newcar.xacro
[0.611s] -- Installing: /home/samay/AVG/car/install/car_description/share/car_description/launch
[0.611s] -- Installing: /home/samay/AVG/car/install/car_description/share/car_description/launch/car.launch.py
[0.611s] -- Installing: /home/samay/AVG/car/install/car_description/share/car_description/launch/teleop.launch.py
[0.611s] -- Installing: /home/samay/AVG/car/install/car_description/share/car_description/launch/slam.launch.py
[0.611s] -- Installing: /home/samay/AVG/car/install/car_description/share/car_description/config
[0.611s] -- Installing: /home/samay/AVG/car/install/car_description/share/car_description/config/slam.yaml
[0.611s] -- Installing: /home/samay/AVG/car/install/car_description/share/car_description/config/car.rviz
[0.611s] -- Installing: /home/samay/AVG/car/install/car_description/share/car_description/worlds
[0.611s] -- Installing: /home/samay/AVG/car/install/car_description/share/car_description/worlds/my_car_world.world
[0.612s] -- Installing: /home/samay/AVG/car/install/car_description/share/car_description/car_world
[0.612s] -- Installing: /home/samay/AVG/car/install/car_description/share/car_description/car_world/model.sdf
[0.612s] -- Installing: /home/samay/AVG/car/install/car_description/share/car_description/car_world/model.config
[0.612s] -- Installing: /home/samay/AVG/car/install/car_description/share/car_description/meshes
[0.612s] -- Installing: /home/samay/AVG/car/install/car_description/share/car_description/meshes/panther
[0.612s] -- Installing: /home/samay/AVG/car/install/car_description/share/car_description/meshes/panther/base_collision.stl
[0.612s] -- Installing: /home/samay/AVG/car/install/car_description/share/car_description/meshes/panther/base.dae
[0.614s] -- Installing: /home/samay/AVG/car/install/car_description/share/car_description/meshes/WH05
[0.614s] -- Installing: /home/samay/AVG/car/install/car_description/share/car_description/meshes/WH05/rr_wheel.dae
[0.616s] -- Installing: /home/samay/AVG/car/install/car_description/share/car_description/meshes/WH05/rl_wheel.dae
[0.617s] -- Installing: /home/samay/AVG/car/install/car_description/share/car_description/meshes/WH05/fl_wheel.dae
[0.618s] -- Installing: /home/samay/AVG/car/install/car_description/share/car_description/meshes/WH05/G1.STL
[0.622s] -- Installing: /home/samay/AVG/car/install/car_description/share/car_description/meshes/WH05/G.stl
[0.623s] -- Installing: /home/samay/AVG/car/install/car_description/share/car_description/meshes/WH05/fr_wheel.dae
[0.625s] -- Installing: /home/samay/AVG/car/install/car_description/lib/car_description/simple_car_teleop.py
[0.625s] -- Installing: /home/samay/AVG/car/install/car_description/lib/car_description/car_teleop_node.py
[0.625s] -- Installing: /home/samay/AVG/car/install/car_description/share/ament_index/resource_index/package_run_dependencies/car_description
[0.625s] -- Installing: /home/samay/AVG/car/install/car_description/share/ament_index/resource_index/parent_prefix_path/car_description
[0.625s] -- Installing: /home/samay/AVG/car/install/car_description/share/car_description/environment/ament_prefix_path.sh
[0.625s] -- Installing: /home/samay/AVG/car/install/car_description/share/car_description/environment/ament_prefix_path.dsv
[0.625s] -- Installing: /home/samay/AVG/car/install/car_description/share/car_description/environment/path.sh
[0.625s] -- Installing: /home/samay/AVG/car/install/car_description/share/car_description/environment/path.dsv
[0.625s] -- Installing: /home/samay/AVG/car/install/car_description/share/car_description/local_setup.bash
[0.625s] -- Installing: /home/samay/AVG/car/install/car_description/share/car_description/local_setup.sh
[0.625s] -- Installing: /home/samay/AVG/car/install/car_description/share/car_description/local_setup.zsh
[0.625s] -- Installing: /home/samay/AVG/car/install/car_description/share/car_description/local_setup.dsv
[0.625s] -- Installing: /home/samay/AVG/car/install/car_description/share/car_description/package.dsv
[0.625s] -- Installing: /home/samay/AVG/car/install/car_description/share/ament_index/resource_index/packages/car_description
[0.626s] -- Installing: /home/samay/AVG/car/install/car_description/share/car_description/cmake/car_descriptionConfig.cmake
[0.626s] -- Installing: /home/samay/AVG/car/install/car_description/share/car_description/cmake/car_descriptionConfig-version.cmake
[0.626s] -- Installing: /home/samay/AVG/car/install/car_description/share/car_description/package.xml
[0.627s] Invoked command in '/home/samay/AVG/car/build/car_description' returned '0': CMAKE_PREFIX_PATH=${CMAKE_PREFIX_PATH}:/opt/ros/humble /usr/bin/cmake --install /home/samay/AVG/car/build/car_description
