[0.006s] Invoking command in '/home/samay/AVG/car/build/car_description': CMAKE_PREFIX_PATH=${CMAKE_PREFIX_PATH}:/opt/ros/humble /usr/bin/cmake --build /home/samay/AVG/car/build/car_description -- -j12 -l12
[0.023s] -- Found ament_cmake: 1.3.12 (/opt/ros/humble/share/ament_cmake/cmake)
[0.112s] -- Found rclpy: 3.3.19 (/opt/ros/humble/share/rclpy/cmake)
[0.112s] -- Found urdf: 2.6.1 (/opt/ros/humble/share/urdf/cmake)
[0.141s] -- Found sensor_msgs: 4.9.0 (/opt/ros/humble/share/sensor_msgs/cmake)
[0.152s] -- Found rosidl_generator_c: 3.1.7 (/opt/ros/humble/share/rosidl_generator_c/cmake)
[0.154s] -- Found rosidl_adapter: 3.1.7 (/opt/ros/humble/share/rosidl_adapter/cmake)
[0.159s] -- Found rosidl_generator_cpp: 3.1.7 (/opt/ros/humble/share/rosidl_generator_cpp/cmake)
[0.165s] -- Using all available rosidl_typesupport_c: rosidl_typesupport_fastrtps_c;rosidl_typesupport_introspection_c
[0.172s] -- Using all available rosidl_typesupport_cpp: rosidl_typesupport_fastrtps_cpp;rosidl_typesupport_introspection_cpp
[0.255s] -- Configuring done
[0.257s] -- Generating done
[0.259s] -- Build files have been written to: /home/samay/AVG/car/build/car_description
[0.275s] Invoked command in '/home/samay/AVG/car/build/car_description' returned '0': CMAKE_PREFIX_PATH=${CMAKE_PREFIX_PATH}:/opt/ros/humble /usr/bin/cmake --build /home/samay/AVG/car/build/car_description -- -j12 -l12
[0.281s] Invoking command in '/home/samay/AVG/car/build/car_description': CMAKE_PREFIX_PATH=${CMAKE_PREFIX_PATH}:/opt/ros/humble /usr/bin/cmake --install /home/samay/AVG/car/build/car_description
[0.286s] -- Install configuration: ""
[0.286s] -- Up-to-date: /home/samay/AVG/car/install/car_description/share/car_description/urdf
[0.286s] -- Up-to-date: /home/samay/AVG/car/install/car_description/share/car_description/urdf/newcar.xacro
[0.286s] -- Up-to-date: /home/samay/AVG/car/install/car_description/share/car_description/launch
[0.286s] -- Installing: /home/samay/AVG/car/install/car_description/share/car_description/launch/car.launch.py
[0.286s] -- Up-to-date: /home/samay/AVG/car/install/car_description/share/car_description/launch/teleop.launch.py
[0.286s] -- Up-to-date: /home/samay/AVG/car/install/car_description/share/car_description/launch/slam.launch.py
[0.286s] -- Up-to-date: /home/samay/AVG/car/install/car_description/share/car_description/config
[0.286s] -- Up-to-date: /home/samay/AVG/car/install/car_description/share/car_description/config/slam.yaml
[0.286s] -- Installing: /home/samay/AVG/car/install/car_description/share/car_description/config/car.rviz
[0.286s] -- Up-to-date: /home/samay/AVG/car/install/car_description/share/car_description/worlds
[0.286s] -- Up-to-date: /home/samay/AVG/car/install/car_description/share/car_description/worlds/my_car_world.world
[0.286s] -- Up-to-date: /home/samay/AVG/car/install/car_description/share/car_description/car_world
[0.286s] -- Up-to-date: /home/samay/AVG/car/install/car_description/share/car_description/car_world/model.sdf
[0.286s] -- Up-to-date: /home/samay/AVG/car/install/car_description/share/car_description/car_world/model.config
[0.286s] -- Up-to-date: /home/samay/AVG/car/install/car_description/share/car_description/meshes
[0.286s] -- Up-to-date: /home/samay/AVG/car/install/car_description/share/car_description/meshes/panther
[0.287s] -- Up-to-date: /home/samay/AVG/car/install/car_description/share/car_description/meshes/panther/base_collision.stl
[0.287s] -- Up-to-date: /home/samay/AVG/car/install/car_description/share/car_description/meshes/panther/base.dae
[0.287s] -- Up-to-date: /home/samay/AVG/car/install/car_description/share/car_description/meshes/WH05
[0.287s] -- Up-to-date: /home/samay/AVG/car/install/car_description/share/car_description/meshes/WH05/rr_wheel.dae
[0.287s] -- Up-to-date: /home/samay/AVG/car/install/car_description/share/car_description/meshes/WH05/rl_wheel.dae
[0.287s] -- Up-to-date: /home/samay/AVG/car/install/car_description/share/car_description/meshes/WH05/fl_wheel.dae
[0.287s] -- Up-to-date: /home/samay/AVG/car/install/car_description/share/car_description/meshes/WH05/G1.STL
[0.287s] -- Up-to-date: /home/samay/AVG/car/install/car_description/share/car_description/meshes/WH05/G.stl
[0.287s] -- Up-to-date: /home/samay/AVG/car/install/car_description/share/car_description/meshes/WH05/fr_wheel.dae
[0.287s] -- Up-to-date: /home/samay/AVG/car/install/car_description/lib/car_description/simple_car_teleop.py
[0.287s] -- Up-to-date: /home/samay/AVG/car/install/car_description/lib/car_description/car_teleop_node.py
[0.287s] -- Installing: /home/samay/AVG/car/install/car_description/share/ament_index/resource_index/package_run_dependencies/car_description
[0.287s] -- Up-to-date: /home/samay/AVG/car/install/car_description/share/ament_index/resource_index/parent_prefix_path/car_description
[0.287s] -- Up-to-date: /home/samay/AVG/car/install/car_description/share/car_description/environment/ament_prefix_path.sh
[0.287s] -- Installing: /home/samay/AVG/car/install/car_description/share/car_description/environment/ament_prefix_path.dsv
[0.287s] -- Up-to-date: /home/samay/AVG/car/install/car_description/share/car_description/environment/path.sh
[0.287s] -- Installing: /home/samay/AVG/car/install/car_description/share/car_description/environment/path.dsv
[0.287s] -- Up-to-date: /home/samay/AVG/car/install/car_description/share/car_description/local_setup.bash
[0.287s] -- Up-to-date: /home/samay/AVG/car/install/car_description/share/car_description/local_setup.sh
[0.287s] -- Up-to-date: /home/samay/AVG/car/install/car_description/share/car_description/local_setup.zsh
[0.287s] -- Installing: /home/samay/AVG/car/install/car_description/share/car_description/local_setup.dsv
[0.287s] -- Installing: /home/samay/AVG/car/install/car_description/share/car_description/package.dsv
[0.287s] -- Up-to-date: /home/samay/AVG/car/install/car_description/share/ament_index/resource_index/packages/car_description
[0.287s] -- Up-to-date: /home/samay/AVG/car/install/car_description/share/car_description/cmake/car_descriptionConfig.cmake
[0.288s] -- Up-to-date: /home/samay/AVG/car/install/car_description/share/car_description/cmake/car_descriptionConfig-version.cmake
[0.288s] -- Installing: /home/samay/AVG/car/install/car_description/share/car_description/package.xml
[0.289s] Invoked command in '/home/samay/AVG/car/build/car_description' returned '0': CMAKE_PREFIX_PATH=${CMAKE_PREFIX_PATH}:/opt/ros/humble /usr/bin/cmake --install /home/samay/AVG/car/build/car_description
