[0.007s] Invoking command in '/home/samay/car/build/car_description': CMAKE_PREFIX_PATH=${CMAKE_PREFIX_PATH}:/opt/ros/humble /usr/bin/cmake --build /home/samay/car/build/car_description -- -j12 -l12
[0.022s] -- Found ament_cmake: 1.3.12 (/opt/ros/humble/share/ament_cmake/cmake)
[0.102s] -- Found rclpy: 3.3.19 (/opt/ros/humble/share/rclpy/cmake)
[0.102s] -- Found urdf: 2.6.1 (/opt/ros/humble/share/urdf/cmake)
[0.164s] -- Configuring done
[0.166s] -- Generating done
[0.167s] -- Build files have been written to: /home/samay/car/build/car_description
[0.182s] Invoked command in '/home/samay/car/build/car_description' returned '0': CMAKE_PREFIX_PATH=${CMAKE_PREFIX_PATH}:/opt/ros/humble /usr/bin/cmake --build /home/samay/car/build/car_description -- -j12 -l12
[0.189s] Invoking command in '/home/samay/car/build/car_description': CMAKE_PREFIX_PATH=${CMAKE_PREFIX_PATH}:/opt/ros/humble /usr/bin/cmake --install /home/samay/car/build/car_description
[0.195s] -- Install configuration: ""
[0.195s] -- Up-to-date: /home/samay/car/install/car_description/share/car_description/urdf
[0.195s] -- Up-to-date: /home/samay/car/install/car_description/share/car_description/urdf/base.xacro
[0.195s] -- Up-to-date: /home/samay/car/install/car_description/share/car_description/urdf/motor.xacro
[0.195s] -- Up-to-date: /home/samay/car/install/car_description/share/car_description/urdf/robot.xacro
[0.195s] -- Up-to-date: /home/samay/car/install/car_description/share/car_description/urdf/lidar.xacro
[0.196s] -- Up-to-date: /home/samay/car/install/car_description/share/car_description/urdf/wheel.xacro
[0.196s] -- Up-to-date: /home/samay/car/install/car_description/share/car_description/urdf/pillar.xacro
[0.196s] -- Up-to-date: /home/samay/car/install/car_description/share/car_description/launch
[0.196s] -- Up-to-date: /home/samay/car/install/car_description/share/car_description/launch/car.launch.py
[0.196s] -- Up-to-date: /home/samay/car/install/car_description/share/car_description/config
[0.196s] -- Up-to-date: /home/samay/car/install/car_description/share/car_description/config/car.rviz
[0.196s] -- Installing: /home/samay/car/install/car_description/share/car_description/worlds
[0.196s] -- Installing: /home/samay/car/install/car_description/share/car_description/worlds/car.world
[0.196s] -- Installing: /home/samay/car/install/car_description/share/car_description/car_world
[0.196s] -- Installing: /home/samay/car/install/car_description/share/car_description/car_world/model.sdf
[0.196s] -- Installing: /home/samay/car/install/car_description/share/car_description/car_world/model.config
[0.196s] -- Up-to-date: /home/samay/car/install/car_description/share/ament_index/resource_index/package_run_dependencies/car_description
[0.196s] -- Installing: /home/samay/car/install/car_description/share/ament_index/resource_index/parent_prefix_path/car_description
[0.196s] -- Up-to-date: /home/samay/car/install/car_description/share/car_description/environment/ament_prefix_path.sh
[0.196s] -- Installing: /home/samay/car/install/car_description/share/car_description/environment/ament_prefix_path.dsv
[0.196s] -- Up-to-date: /home/samay/car/install/car_description/share/car_description/environment/path.sh
[0.196s] -- Installing: /home/samay/car/install/car_description/share/car_description/environment/path.dsv
[0.196s] -- Up-to-date: /home/samay/car/install/car_description/share/car_description/local_setup.bash
[0.196s] -- Up-to-date: /home/samay/car/install/car_description/share/car_description/local_setup.sh
[0.196s] -- Up-to-date: /home/samay/car/install/car_description/share/car_description/local_setup.zsh
[0.197s] -- Installing: /home/samay/car/install/car_description/share/car_description/local_setup.dsv
[0.197s] -- Installing: /home/samay/car/install/car_description/share/car_description/package.dsv
[0.197s] -- Up-to-date: /home/samay/car/install/car_description/share/ament_index/resource_index/packages/car_description
[0.197s] -- Up-to-date: /home/samay/car/install/car_description/share/car_description/cmake/car_descriptionConfig.cmake
[0.197s] -- Up-to-date: /home/samay/car/install/car_description/share/car_description/cmake/car_descriptionConfig-version.cmake
[0.197s] -- Up-to-date: /home/samay/car/install/car_description/share/car_description/package.xml
[0.198s] Invoked command in '/home/samay/car/build/car_description' returned '0': CMAKE_PREFIX_PATH=${CMAKE_PREFIX_PATH}:/opt/ros/humble /usr/bin/cmake --install /home/samay/car/build/car_description
