[0.072s] colcon DEBUG Command line arguments: ['/usr/bin/colcon', 'build']
[0.072s] colcon DEBUG Parsed command line arguments: Namespace(log_base=None, log_level=None, verb_name='build', build_base='build', install_base='install', merge_install=False, symlink_install=False, test_result_base=None, continue_on_error=False, executor='parallel', parallel_workers=12, event_handlers=None, ignore_user_meta=False, metas=['./colcon.meta'], base_paths=['.'], packages_ignore=None, packages_ignore_regex=None, paths=None, packages_up_to=None, packages_up_to_regex=None, packages_above=None, packages_above_and_dependencies=None, packages_above_depth=None, packages_select_by_dep=None, packages_skip_by_dep=None, packages_skip_up_to=None, packages_select_build_failed=False, packages_skip_build_finished=False, packages_select_test_failures=False, packages_skip_test_passed=False, packages_select=None, packages_skip=None, packages_select_regex=None, packages_skip_regex=None, packages_start=None, packages_end=None, allow_overriding=[], cmake_args=None, cmake_target=None, cmake_target_skip_unavailable=False, cmake_clean_cache=False, cmake_clean_first=False, cmake_force_configure=False, ament_cmake_args=None, catkin_cmake_args=None, catkin_skip_building_tests=False, verb_parser=<colcon_defaults.argument_parser.defaults.DefaultArgumentsDecorator object at 0x725dd7b5c970>, verb_extension=<colcon_core.verb.build.BuildVerb object at 0x725dd7c5e3b0>, main=<bound method BuildVerb.main of <colcon_core.verb.build.BuildVerb object at 0x725dd7c5e3b0>>)
[0.209s] colcon.colcon_core.package_discovery Level 1 discover_packages(colcon_meta) check parameters
[0.209s] colcon.colcon_core.package_discovery Level 1 discover_packages(recursive) check parameters
[0.209s] colcon.colcon_core.package_discovery Level 1 discover_packages(ignore) check parameters
[0.209s] colcon.colcon_core.package_discovery Level 1 discover_packages(path) check parameters
[0.209s] colcon.colcon_core.package_discovery Level 1 discover_packages(colcon_meta) discover
[0.209s] colcon.colcon_core.package_discovery Level 1 discover_packages(recursive) discover
[0.209s] colcon.colcon_core.package_discovery INFO Crawling recursively for packages in '/home/samay/car'
[0.209s] colcon.colcon_core.package_identification Level 1 _identify(.) by extensions ['ignore', 'ignore_ament_install']
[0.209s] colcon.colcon_core.package_identification Level 1 _identify(.) by extension 'ignore'
[0.209s] colcon.colcon_core.package_identification Level 1 _identify(.) by extension 'ignore_ament_install'
[0.209s] colcon.colcon_core.package_identification Level 1 _identify(.) by extensions ['colcon_pkg']
[0.209s] colcon.colcon_core.package_identification Level 1 _identify(.) by extension 'colcon_pkg'
[0.209s] colcon.colcon_core.package_identification Level 1 _identify(.) by extensions ['colcon_meta']
[0.209s] colcon.colcon_core.package_identification Level 1 _identify(.) by extension 'colcon_meta'
[0.209s] colcon.colcon_core.package_identification Level 1 _identify(.) by extensions ['ros']
[0.209s] colcon.colcon_core.package_identification Level 1 _identify(.) by extension 'ros'
[0.217s] colcon.colcon_core.package_identification Level 1 _identify(.) by extensions ['cmake', 'python']
[0.217s] colcon.colcon_core.package_identification Level 1 _identify(.) by extension 'cmake'
[0.217s] colcon.colcon_core.package_identification Level 1 _identify(.) by extension 'python'
[0.217s] colcon.colcon_core.package_identification Level 1 _identify(.) by extensions ['python_setup_py']
[0.217s] colcon.colcon_core.package_identification Level 1 _identify(.) by extension 'python_setup_py'
[0.217s] colcon.colcon_core.package_identification Level 1 _identify(build) by extensions ['ignore', 'ignore_ament_install']
[0.217s] colcon.colcon_core.package_identification Level 1 _identify(build) by extension 'ignore'
[0.217s] colcon.colcon_core.package_identification Level 1 _identify(build) ignored
[0.217s] colcon.colcon_core.package_identification Level 1 _identify(install) by extensions ['ignore', 'ignore_ament_install']
[0.217s] colcon.colcon_core.package_identification Level 1 _identify(install) by extension 'ignore'
[0.217s] colcon.colcon_core.package_identification Level 1 _identify(install) ignored
[0.217s] colcon.colcon_core.package_identification Level 1 _identify(log) by extensions ['ignore', 'ignore_ament_install']
[0.217s] colcon.colcon_core.package_identification Level 1 _identify(log) by extension 'ignore'
[0.217s] colcon.colcon_core.package_identification Level 1 _identify(log) ignored
[0.217s] colcon.colcon_core.package_identification Level 1 _identify(src) by extensions ['ignore', 'ignore_ament_install']
[0.217s] colcon.colcon_core.package_identification Level 1 _identify(src) by extension 'ignore'
[0.217s] colcon.colcon_core.package_identification Level 1 _identify(src) by extension 'ignore_ament_install'
[0.217s] colcon.colcon_core.package_identification Level 1 _identify(src) by extensions ['colcon_pkg']
[0.217s] colcon.colcon_core.package_identification Level 1 _identify(src) by extension 'colcon_pkg'
[0.217s] colcon.colcon_core.package_identification Level 1 _identify(src) by extensions ['colcon_meta']
[0.217s] colcon.colcon_core.package_identification Level 1 _identify(src) by extension 'colcon_meta'
[0.217s] colcon.colcon_core.package_identification Level 1 _identify(src) by extensions ['ros']
[0.217s] colcon.colcon_core.package_identification Level 1 _identify(src) by extension 'ros'
[0.217s] colcon.colcon_core.package_identification Level 1 _identify(src) by extensions ['cmake', 'python']
[0.217s] colcon.colcon_core.package_identification Level 1 _identify(src) by extension 'cmake'
[0.217s] colcon.colcon_core.package_identification Level 1 _identify(src) by extension 'python'
[0.218s] colcon.colcon_core.package_identification Level 1 _identify(src) by extensions ['python_setup_py']
[0.218s] colcon.colcon_core.package_identification Level 1 _identify(src) by extension 'python_setup_py'
[0.218s] colcon.colcon_core.package_identification Level 1 _identify(src/car_description) by extensions ['ignore', 'ignore_ament_install']
[0.218s] colcon.colcon_core.package_identification Level 1 _identify(src/car_description) by extension 'ignore'
[0.218s] colcon.colcon_core.package_identification Level 1 _identify(src/car_description) by extension 'ignore_ament_install'
[0.218s] colcon.colcon_core.package_identification Level 1 _identify(src/car_description) by extensions ['colcon_pkg']
[0.218s] colcon.colcon_core.package_identification Level 1 _identify(src/car_description) by extension 'colcon_pkg'
[0.218s] colcon.colcon_core.package_identification Level 1 _identify(src/car_description) by extensions ['colcon_meta']
[0.218s] colcon.colcon_core.package_identification Level 1 _identify(src/car_description) by extension 'colcon_meta'
[0.218s] colcon.colcon_core.package_identification Level 1 _identify(src/car_description) by extensions ['ros']
[0.218s] colcon.colcon_core.package_identification Level 1 _identify(src/car_description) by extension 'ros'
[0.220s] colcon.colcon_core.package_identification DEBUG Package 'src/car_description' with type 'ros.ament_cmake' and name 'car_description'
[0.220s] colcon.colcon_core.package_identification Level 1 _identify(src/log) by extensions ['ignore', 'ignore_ament_install']
[0.220s] colcon.colcon_core.package_identification Level 1 _identify(src/log) by extension 'ignore'
[0.220s] colcon.colcon_core.package_identification Level 1 _identify(src/log) ignored
[0.220s] colcon.colcon_core.package_discovery Level 1 discover_packages(recursive) using defaults
[0.220s] colcon.colcon_core.package_discovery Level 1 discover_packages(ignore) discover
[0.220s] colcon.colcon_core.package_discovery Level 1 discover_packages(ignore) using defaults
[0.220s] colcon.colcon_core.package_discovery Level 1 discover_packages(path) discover
[0.220s] colcon.colcon_core.package_discovery Level 1 discover_packages(path) using defaults
[0.230s] colcon.colcon_core.package_discovery Level 1 discover_packages(prefix_path) check parameters
[0.230s] colcon.colcon_core.package_discovery Level 1 discover_packages(prefix_path) discover
[0.231s] colcon.colcon_installed_package_information.package_discovery DEBUG Found 389 installed packages in /opt/ros/humble
[0.233s] colcon.colcon_core.package_discovery Level 1 discover_packages(prefix_path) using defaults
[0.260s] colcon.colcon_core.verb Level 5 set package 'car_description' build argument 'cmake_args' from command line to 'None'
[0.260s] colcon.colcon_core.verb Level 5 set package 'car_description' build argument 'cmake_target' from command line to 'None'
[0.260s] colcon.colcon_core.verb Level 5 set package 'car_description' build argument 'cmake_target_skip_unavailable' from command line to 'False'
[0.260s] colcon.colcon_core.verb Level 5 set package 'car_description' build argument 'cmake_clean_cache' from command line to 'False'
[0.260s] colcon.colcon_core.verb Level 5 set package 'car_description' build argument 'cmake_clean_first' from command line to 'False'
[0.260s] colcon.colcon_core.verb Level 5 set package 'car_description' build argument 'cmake_force_configure' from command line to 'False'
[0.260s] colcon.colcon_core.verb Level 5 set package 'car_description' build argument 'ament_cmake_args' from command line to 'None'
[0.260s] colcon.colcon_core.verb Level 5 set package 'car_description' build argument 'catkin_cmake_args' from command line to 'None'
[0.260s] colcon.colcon_core.verb Level 5 set package 'car_description' build argument 'catkin_skip_building_tests' from command line to 'False'
[0.260s] colcon.colcon_core.verb DEBUG Building package 'car_description' with the following arguments: {'ament_cmake_args': None, 'build_base': '/home/samay/car/build/car_description', 'catkin_cmake_args': None, 'catkin_skip_building_tests': False, 'cmake_args': None, 'cmake_clean_cache': False, 'cmake_clean_first': False, 'cmake_force_configure': False, 'cmake_target': None, 'cmake_target_skip_unavailable': False, 'install_base': '/home/samay/car/install/car_description', 'merge_install': False, 'path': '/home/samay/car/src/car_description', 'symlink_install': False, 'test_result_base': None}
[0.260s] colcon.colcon_core.executor INFO Executing jobs using 'parallel' executor
[0.261s] colcon.colcon_parallel_executor.executor.parallel DEBUG run_until_complete
[0.261s] colcon.colcon_ros.task.ament_cmake.build INFO Building ROS package in '/home/samay/car/src/car_description' with build type 'ament_cmake'
[0.261s] colcon.colcon_cmake.task.cmake.build INFO Building CMake package in '/home/samay/car/src/car_description'
[0.262s] colcon.colcon_core.plugin_system INFO Skipping extension 'colcon_core.shell.bat': Not used on non-Windows systems
[0.262s] colcon.colcon_core.shell INFO Skip shell extension 'powershell' for command environment: Not usable outside of PowerShell
[0.262s] colcon.colcon_core.shell DEBUG Skip shell extension 'dsv' for command environment
[0.266s] colcon.colcon_core.event_handler.log_command DEBUG Invoking command in '/home/samay/car/build/car_description': CMAKE_PREFIX_PATH=/opt/ros/humble /usr/bin/cmake /home/samay/car/src/car_description -DCMAKE_INSTALL_PREFIX=/home/samay/car/install/car_description
[0.895s] colcon.colcon_core.event_handler.log_command DEBUG Invoked command in '/home/samay/car/build/car_description' returned '0': CMAKE_PREFIX_PATH=/opt/ros/humble /usr/bin/cmake /home/samay/car/src/car_description -DCMAKE_INSTALL_PREFIX=/home/samay/car/install/car_description
[0.896s] colcon.colcon_core.event_handler.log_command DEBUG Invoking command in '/home/samay/car/build/car_description': CMAKE_PREFIX_PATH=/opt/ros/humble /usr/bin/cmake --build /home/samay/car/build/car_description -- -j12 -l12
[0.928s] colcon.colcon_core.event_handler.log_command DEBUG Invoked command in '/home/samay/car/build/car_description' returned '0': CMAKE_PREFIX_PATH=/opt/ros/humble /usr/bin/cmake --build /home/samay/car/build/car_description -- -j12 -l12
[0.939s] colcon.colcon_core.event_handler.log_command DEBUG Invoking command in '/home/samay/car/build/car_description': CMAKE_PREFIX_PATH=/opt/ros/humble /usr/bin/cmake --install /home/samay/car/build/car_description
[0.948s] colcon.colcon_core.environment Level 1 create_environment_scripts_only(car_description)
[0.949s] colcon.colcon_core.event_handler.log_command DEBUG Invoked command in '/home/samay/car/build/car_description' returned '0': CMAKE_PREFIX_PATH=/opt/ros/humble /usr/bin/cmake --install /home/samay/car/build/car_description
[0.950s] colcon.colcon_core.environment Level 1 checking '/home/samay/car/install/car_description' for CMake module files
[0.950s] colcon.colcon_core.environment Level 1 checking '/home/samay/car/install/car_description' for CMake config files
[0.950s] colcon.colcon_core.shell Level 1 create_environment_hook('car_description', 'cmake_prefix_path')
[0.950s] colcon.colcon_core.shell INFO Creating environment hook '/home/samay/car/install/car_description/share/car_description/hook/cmake_prefix_path.ps1'
[0.951s] colcon.colcon_core.shell INFO Creating environment descriptor '/home/samay/car/install/car_description/share/car_description/hook/cmake_prefix_path.dsv'
[0.951s] colcon.colcon_core.shell INFO Creating environment hook '/home/samay/car/install/car_description/share/car_description/hook/cmake_prefix_path.sh'
[0.952s] colcon.colcon_core.environment Level 1 checking '/home/samay/car/install/car_description/lib'
[0.952s] colcon.colcon_core.environment Level 1 checking '/home/samay/car/install/car_description/bin'
[0.952s] colcon.colcon_core.environment Level 1 checking '/home/samay/car/install/car_description/lib/pkgconfig/car_description.pc'
[0.952s] colcon.colcon_core.environment Level 1 checking '/home/samay/car/install/car_description/lib/python3.10/site-packages'
[0.952s] colcon.colcon_core.environment Level 1 checking '/home/samay/car/install/car_description/bin'
[0.952s] colcon.colcon_core.shell INFO Creating package script '/home/samay/car/install/car_description/share/car_description/package.ps1'
[0.953s] colcon.colcon_core.shell INFO Creating package descriptor '/home/samay/car/install/car_description/share/car_description/package.dsv'
[0.953s] colcon.colcon_core.shell INFO Creating package script '/home/samay/car/install/car_description/share/car_description/package.sh'
[0.953s] colcon.colcon_core.shell INFO Creating package script '/home/samay/car/install/car_description/share/car_description/package.bash'
[0.954s] colcon.colcon_core.shell INFO Creating package script '/home/samay/car/install/car_description/share/car_description/package.zsh'
[0.954s] colcon.colcon_core.environment Level 1 create_file_with_runtime_dependencies(/home/samay/car/install/car_description/share/colcon-core/packages/car_description)
[0.955s] colcon.colcon_core.environment Level 1 create_environment_scripts_only(car_description)
[0.955s] colcon.colcon_core.environment Level 1 checking '/home/samay/car/install/car_description' for CMake module files
[0.955s] colcon.colcon_core.environment Level 1 checking '/home/samay/car/install/car_description' for CMake config files
[0.955s] colcon.colcon_core.shell Level 1 create_environment_hook('car_description', 'cmake_prefix_path')
[0.955s] colcon.colcon_core.shell INFO Creating environment hook '/home/samay/car/install/car_description/share/car_description/hook/cmake_prefix_path.ps1'
[0.955s] colcon.colcon_core.shell INFO Creating environment descriptor '/home/samay/car/install/car_description/share/car_description/hook/cmake_prefix_path.dsv'
[0.955s] colcon.colcon_core.shell INFO Creating environment hook '/home/samay/car/install/car_description/share/car_description/hook/cmake_prefix_path.sh'
[0.956s] colcon.colcon_core.environment Level 1 checking '/home/samay/car/install/car_description/lib'
[0.956s] colcon.colcon_core.environment Level 1 checking '/home/samay/car/install/car_description/bin'
[0.956s] colcon.colcon_core.environment Level 1 checking '/home/samay/car/install/car_description/lib/pkgconfig/car_description.pc'
[0.956s] colcon.colcon_core.environment Level 1 checking '/home/samay/car/install/car_description/lib/python3.10/site-packages'
[0.956s] colcon.colcon_core.environment Level 1 checking '/home/samay/car/install/car_description/bin'
[0.956s] colcon.colcon_core.shell INFO Creating package script '/home/samay/car/install/car_description/share/car_description/package.ps1'
[0.957s] colcon.colcon_core.shell INFO Creating package descriptor '/home/samay/car/install/car_description/share/car_description/package.dsv'
[0.957s] colcon.colcon_core.shell INFO Creating package script '/home/samay/car/install/car_description/share/car_description/package.sh'
[0.957s] colcon.colcon_core.shell INFO Creating package script '/home/samay/car/install/car_description/share/car_description/package.bash'
[0.957s] colcon.colcon_core.shell INFO Creating package script '/home/samay/car/install/car_description/share/car_description/package.zsh'
[0.957s] colcon.colcon_core.environment Level 1 create_file_with_runtime_dependencies(/home/samay/car/install/car_description/share/colcon-core/packages/car_description)
[0.958s] colcon.colcon_parallel_executor.executor.parallel DEBUG closing loop
[0.958s] colcon.colcon_parallel_executor.executor.parallel DEBUG loop closed
[0.958s] colcon.colcon_parallel_executor.executor.parallel DEBUG run_until_complete finished with '0'
[0.958s] colcon.colcon_core.event_reactor DEBUG joining thread
[0.961s] colcon.colcon_core.plugin_system INFO Skipping extension 'colcon_notification.desktop_notification.terminal_notifier': Not used on non-Darwin systems
[0.961s] colcon.colcon_core.plugin_system INFO Skipping extension 'colcon_notification.desktop_notification.win32': Not used on non-Windows systems
[0.961s] colcon.colcon_notification.desktop_notification INFO Sending desktop notification using 'notify2'
[0.969s] colcon.colcon_core.event_reactor DEBUG joined thread
[0.969s] colcon.colcon_core.shell INFO Creating prefix script '/home/samay/car/install/local_setup.ps1'
[0.970s] colcon.colcon_core.shell INFO Creating prefix util module '/home/samay/car/install/_local_setup_util_ps1.py'
[0.971s] colcon.colcon_core.shell INFO Creating prefix chain script '/home/samay/car/install/setup.ps1'
[0.971s] colcon.colcon_core.shell INFO Creating prefix script '/home/samay/car/install/local_setup.sh'
[0.972s] colcon.colcon_core.shell INFO Creating prefix util module '/home/samay/car/install/_local_setup_util_sh.py'
[0.972s] colcon.colcon_core.shell INFO Creating prefix chain script '/home/samay/car/install/setup.sh'
[0.973s] colcon.colcon_core.shell INFO Creating prefix script '/home/samay/car/install/local_setup.bash'
[0.973s] colcon.colcon_core.shell INFO Creating prefix chain script '/home/samay/car/install/setup.bash'
[0.973s] colcon.colcon_core.shell INFO Creating prefix script '/home/samay/car/install/local_setup.zsh'
[0.974s] colcon.colcon_core.shell INFO Creating prefix chain script '/home/samay/car/install/setup.zsh'
