[0.006s] Invoking command in '/home/samay/AVG/car/build/car_description': CMAKE_PREFIX_PATH=${CMAKE_PREFIX_PATH}:/opt/ros/humble /usr/bin/cmake /home/samay/AVG/car/src/car_description -DCMAKE_INSTALL_PREFIX=/home/samay/AVG/car/install/car_description
[0.083s] -- The C compiler identification is GNU 11.4.0
[0.147s] -- The CXX compiler identification is GNU 11.4.0
[0.154s] -- Detecting C compiler ABI info
[0.201s] -- Detecting C compiler ABI info - done
[0.205s] -- Check for working C compiler: /usr/bin/cc - skipped
[0.206s] -- Detecting C compile features
[0.206s] -- Detecting C compile features - done
[0.209s] -- Detecting CXX compiler ABI info
[0.261s] -- Detecting CXX compiler ABI info - done
[0.266s] -- Check for working CXX compiler: /usr/bin/c++ - skipped
[0.266s] -- Detecting CXX compile features
[0.266s] -- Detecting CXX compile features - done
[0.270s] -- Found ament_cmake: 1.3.12 (/opt/ros/humble/share/ament_cmake/cmake)
[0.371s] -- Found Python3: /usr/bin/python3 (found version "3.10.12") found components: Interpreter 
[0.436s] -- Found rclpy: 3.3.19 (/opt/ros/humble/share/rclpy/cmake)
[0.438s] -- Found urdf: 2.6.1 (/opt/ros/humble/share/urdf/cmake)
[0.481s] -- Found sensor_msgs: 4.9.0 (/opt/ros/humble/share/sensor_msgs/cmake)
[0.500s] -- Found rosidl_generator_c: 3.1.7 (/opt/ros/humble/share/rosidl_generator_c/cmake)
[0.504s] -- Found rosidl_adapter: 3.1.7 (/opt/ros/humble/share/rosidl_adapter/cmake)
[0.510s] -- Found rosidl_generator_cpp: 3.1.7 (/opt/ros/humble/share/rosidl_generator_cpp/cmake)
[0.520s] -- Using all available rosidl_typesupport_c: rosidl_typesupport_fastrtps_c;rosidl_typesupport_introspection_c
[0.529s] -- Using all available rosidl_typesupport_cpp: rosidl_typesupport_fastrtps_cpp;rosidl_typesupport_introspection_cpp
[0.615s] -- Configuring done
[0.617s] -- Generating done
[0.618s] -- Build files have been written to: /home/samay/AVG/car/build/car_description
[0.623s] Invoked command in '/home/samay/AVG/car/build/car_description' returned '0': CMAKE_PREFIX_PATH=${CMAKE_PREFIX_PATH}:/opt/ros/humble /usr/bin/cmake /home/samay/AVG/car/src/car_description -DCMAKE_INSTALL_PREFIX=/home/samay/AVG/car/install/car_description
[0.624s] Invoking command in '/home/samay/AVG/car/build/car_description': CMAKE_PREFIX_PATH=${CMAKE_PREFIX_PATH}:/opt/ros/humble /usr/bin/cmake --build /home/samay/AVG/car/build/car_description -- -j12 -l12
[0.655s] Invoked command in '/home/samay/AVG/car/build/car_description' returned '0': CMAKE_PREFIX_PATH=${CMAKE_PREFIX_PATH}:/opt/ros/humble /usr/bin/cmake --build /home/samay/AVG/car/build/car_description -- -j12 -l12
[0.664s] Invoking command in '/home/samay/AVG/car/build/car_description': CMAKE_PREFIX_PATH=${CMAKE_PREFIX_PATH}:/opt/ros/humble /usr/bin/cmake --install /home/samay/AVG/car/build/car_description
[0.670s] -- Install configuration: ""
[0.671s] -- Up-to-date: /home/samay/AVG/car/install/car_description/share/car_description/urdf
[0.671s] -- Up-to-date: /home/samay/AVG/car/install/car_description/share/car_description/urdf/newcar.xacro
[0.671s] -- Up-to-date: /home/samay/AVG/car/install/car_description/share/car_description/launch
[0.671s] -- Up-to-date: /home/samay/AVG/car/install/car_description/share/car_description/launch/car.launch.py
[0.671s] -- Up-to-date: /home/samay/AVG/car/install/car_description/share/car_description/launch/teleop.launch.py
[0.671s] -- Up-to-date: /home/samay/AVG/car/install/car_description/share/car_description/launch/nav2_bringup.launch.py
[0.671s] -- Up-to-date: /home/samay/AVG/car/install/car_description/share/car_description/launch/slam.launch.py
[0.671s] -- Up-to-date: /home/samay/AVG/car/install/car_description/share/car_description/config
[0.671s] -- Up-to-date: /home/samay/AVG/car/install/car_description/share/car_description/config/slam.yaml
[0.671s] -- Up-to-date: /home/samay/AVG/car/install/car_description/share/car_description/config/nav2_params.yaml
[0.671s] -- Up-to-date: /home/samay/AVG/car/install/car_description/share/car_description/config/car.rviz
[0.671s] -- Up-to-date: /home/samay/AVG/car/install/car_description/share/car_description/worlds
[0.671s] -- Up-to-date: /home/samay/AVG/car/install/car_description/share/car_description/car_world
[0.671s] -- Up-to-date: /home/samay/AVG/car/install/car_description/share/car_description/car_world/main
[0.671s] -- Up-to-date: /home/samay/AVG/car/install/car_description/share/car_description/meshes
[0.671s] -- Up-to-date: /home/samay/AVG/car/install/car_description/share/car_description/meshes/panther
[0.671s] -- Up-to-date: /home/samay/AVG/car/install/car_description/share/car_description/meshes/panther/base_collision.stl
[0.671s] -- Up-to-date: /home/samay/AVG/car/install/car_description/share/car_description/meshes/panther/base.dae
[0.671s] -- Up-to-date: /home/samay/AVG/car/install/car_description/share/car_description/meshes/WH05
[0.671s] -- Up-to-date: /home/samay/AVG/car/install/car_description/share/car_description/meshes/WH05/rr_wheel.dae
[0.671s] -- Up-to-date: /home/samay/AVG/car/install/car_description/share/car_description/meshes/WH05/rl_wheel.dae
[0.671s] -- Up-to-date: /home/samay/AVG/car/install/car_description/share/car_description/meshes/WH05/fl_wheel.dae
[0.671s] -- Up-to-date: /home/samay/AVG/car/install/car_description/share/car_description/meshes/WH05/G1.STL
[0.672s] -- Up-to-date: /home/samay/AVG/car/install/car_description/share/car_description/meshes/WH05/G.stl
[0.672s] -- Up-to-date: /home/samay/AVG/car/install/car_description/share/car_description/meshes/WH05/fr_wheel.dae
[0.672s] -- Up-to-date: /home/samay/AVG/car/install/car_description/share/car_description/map
[0.672s] -- Up-to-date: /home/samay/AVG/car/install/car_description/share/car_description/map/my_map.pgm
[0.672s] -- Up-to-date: /home/samay/AVG/car/install/car_description/share/car_description/map/my_map.yaml
[0.672s] -- Up-to-date: /home/samay/AVG/car/install/car_description/lib/car_description/simple_car_teleop.py
[0.672s] -- Up-to-date: /home/samay/AVG/car/install/car_description/lib/car_description/car_teleop_node.py
[0.672s] -- Up-to-date: /home/samay/AVG/car/install/car_description/lib/car_description/map_republisher.py
[0.672s] -- Up-to-date: /home/samay/AVG/car/install/car_description/lib/car_description/cmd_vel_merger.py
[0.672s] -- Up-to-date: /home/samay/AVG/car/install/car_description/lib/car_description/follow_waypoints.py
[0.672s] -- Up-to-date: /home/samay/AVG/car/install/car_description/lib/car_description/room_waypoint.py
[0.672s] -- Installing: /home/samay/AVG/car/install/car_description/share/ament_index/resource_index/package_run_dependencies/car_description
[0.672s] -- Installing: /home/samay/AVG/car/install/car_description/share/ament_index/resource_index/parent_prefix_path/car_description
[0.672s] -- Up-to-date: /home/samay/AVG/car/install/car_description/share/car_description/environment/ament_prefix_path.sh
[0.672s] -- Installing: /home/samay/AVG/car/install/car_description/share/car_description/environment/ament_prefix_path.dsv
[0.672s] -- Up-to-date: /home/samay/AVG/car/install/car_description/share/car_description/environment/path.sh
[0.672s] -- Installing: /home/samay/AVG/car/install/car_description/share/car_description/environment/path.dsv
[0.672s] -- Installing: /home/samay/AVG/car/install/car_description/share/car_description/local_setup.bash
[0.672s] -- Installing: /home/samay/AVG/car/install/car_description/share/car_description/local_setup.sh
[0.672s] -- Installing: /home/samay/AVG/car/install/car_description/share/car_description/local_setup.zsh
[0.672s] -- Installing: /home/samay/AVG/car/install/car_description/share/car_description/local_setup.dsv
[0.672s] -- Installing: /home/samay/AVG/car/install/car_description/share/car_description/package.dsv
[0.672s] -- Installing: /home/samay/AVG/car/install/car_description/share/ament_index/resource_index/packages/car_description
[0.672s] -- Installing: /home/samay/AVG/car/install/car_description/share/car_description/cmake/car_descriptionConfig.cmake
[0.672s] -- Installing: /home/samay/AVG/car/install/car_description/share/car_description/cmake/car_descriptionConfig-version.cmake
[0.672s] -- Up-to-date: /home/samay/AVG/car/install/car_description/share/car_description/package.xml
[0.673s] Invoked command in '/home/samay/AVG/car/build/car_description' returned '0': CMAKE_PREFIX_PATH=${CMAKE_PREFIX_PATH}:/opt/ros/humble /usr/bin/cmake --install /home/samay/AVG/car/build/car_description
