[0.000000] (-) TimerEvent: {}
[0.000159] (car_description) JobQueued: {'identifier': 'car_description', 'dependencies': OrderedDict()}
[0.000315] (car_description) JobStarted: {'identifier': 'car_description'}
[0.010789] (car_description) JobProgress: {'identifier': 'car_description', 'progress': 'cmake'}
[0.011132] (car_description) JobProgress: {'identifier': 'car_description', 'progress': 'build'}
[0.011583] (car_description) Command: {'cmd': ['/usr/bin/cmake', '--build', '/home/samay/AVG/car/build/car_description', '--', '-j12', '-l12'], 'cwd': '/home/samay/AVG/car/build/car_description', 'env': OrderedDict([('LESSOPEN', '| /usr/bin/lesspipe %s'), ('VSCODE_CWD', '/home/samay/AVG/car/src'), ('VSCODE_ESM_ENTRYPOINT', 'vs/workbench/api/node/extensionHostProcess'), ('LANGUAGE', 'en_IN:en'), ('USER', 'samay'), ('VSCODE_NLS_CONFIG', '{"userLocale":"en-gb","osLocale":"en-in","resolvedLanguage":"en","defaultMessagesFile":"/tmp/.mount_cursorD41xzc/usr/share/cursor/resources/app/out/nls.messages.json","locale":"en-gb","availableLanguages":{}}'), ('VSCODE_HANDLES_UNCAUGHT_ERRORS', 'true'), ('XDG_SESSION_TYPE', 'x11'), ('SHLVL', '2'), ('LD_LIBRARY_PATH', '/tmp/.mount_cursorD41xzc/usr/lib/:/tmp/.mount_cursorD41xzc/usr/lib32/:/tmp/.mount_cursorD41xzc/usr/lib64/:/tmp/.mount_cursorD41xzc/lib/:/tmp/.mount_cursorD41xzc/lib/i386-linux-gnu/:/tmp/.mount_cursorD41xzc/lib/x86_64-linux-gnu/:/tmp/.mount_cursorD41xzc/lib/aarch64-linux-gnu/:/tmp/.mount_cursorD41xzc/lib32/:/tmp/.mount_cursorD41xzc/lib64/:/usr/lib/x86_64-linux-gnu/gazebo-11/plugins:/opt/ros/humble/opt/rviz_ogre_vendor/lib:/opt/ros/humble/lib/x86_64-linux-gnu:/opt/ros/humble/lib'), ('HOME', '/home/samay'), ('CHROME_DESKTOP', 'cursor.desktop'), ('APPDIR', '/tmp/.mount_cursorD41xzc'), ('OLDPWD', '/home/samay/AVG/car/src'), ('DESKTOP_SESSION', 'ubuntu'), ('PERLLIB', '/tmp/.mount_cursorD41xzc/usr/share/perl5/:/tmp/.mount_cursorD41xzc/usr/lib/perl5/:'), ('VSCODE_IPC_HOOK', '/run/user/1000/vscode-2dad0dd2-1.7.-main.sock'), ('ROS_PYTHON_VERSION', '3'), ('GNOME_SHELL_SESSION_MODE', 'ubuntu'), ('GTK_MODULES', 'gail:atk-bridge'), ('MANAGERPID', '225129'), ('SYSTEMD_EXEC_PID', '225659'), ('NO_COLOR', '1'), ('DBUS_SESSION_BUS_ADDRESS', 'unix:path=/run/user/1000/bus'), ('COLORTERM', 'truecolor'), ('TERMINATOR_DBUS_NAME', 'net.tenshu.Terminator23558193cd9818af7fe4d2c2f5bd9d00f'), ('GIO_LAUNCHED_DESKTOP_FILE_PID', '288297'), ('VSCODE_CRASH_REPORTER_PROCESS_TYPE', 'extensionHost'), ('VSCODE_L10N_BUNDLE_LOCATION', ''), ('COLCON_PREFIX_PATH', '/home/samay/AVG/car/install'), ('ROS_DISTRO', 'humble'), ('GTK_IM_MODULE', 'ibus'), ('LOGNAME', 'samay'), ('FORCE_COLOR', '0'), ('OWD', '/home/samay/AVG/car/src'), ('JOURNAL_STREAM', '8:2339486'), ('_', '/usr/bin/colcon'), ('ROS_VERSION', '2'), ('XDG_SESSION_CLASS', 'user'), ('USERNAME', 'samay'), ('TERM', 'dumb'), ('GNOME_DESKTOP_SESSION_ID', 'this-is-deprecated'), ('ROS_LOCALHOST_ONLY', '0'), ('COMPOSER_NO_INTERACTION', '1'), ('WINDOWPATH', '2'), ('PATH', '/home/samay/.local/bin:/home/samay/Applications:/home/samay/.local/bin:/home/samay/Applications:/tmp/.mount_cursorD41xzc/usr/bin/:/tmp/.mount_cursorD41xzc/usr/sbin/:/tmp/.mount_cursorD41xzc/usr/games/:/tmp/.mount_cursorD41xzc/bin/:/tmp/.mount_cursorD41xzc/sbin/:/opt/ros/humble/bin:/home/samay/Applications:/home/samay/.cargo/bin:/home/samay/.local/bin:/usr/local/sbin:/usr/local/bin:/usr/sbin:/usr/bin:/sbin:/bin:/usr/games:/usr/local/games:/snap/bin:/snap/bin'), ('SESSION_MANAGER', 'local/samay-Nitro-AN515-57:@/tmp/.ICE-unix/225501,unix/samay-Nitro-AN515-57:/tmp/.ICE-unix/225501'), ('INVOCATION_ID', 'deb4c821ac774bd09625408ffd3e58e3'), ('APPIMAGE', '/home/samay/Applications/cursor.AppImage'), ('XDG_MENU_PREFIX', 'gnome-'), ('VSCODE_PROCESS_TITLE', 'extension-host  [1-1]'), ('XDG_RUNTIME_DIR', '/run/user/1000'), ('GDK_BACKEND', 'x11'), ('CURSOR_AGENT', '1'), ('DISPLAY', ':1'), ('TERMINATOR_DBUS_PATH', '/net/tenshu/Terminator2'), ('LANG', 'en_US.UTF-8'), ('XDG_CURRENT_DESKTOP', 'Unity'), ('IBUS_DISABLE_SNOOPER', '1'), ('XMODIFIERS', '@im=ibus'), ('XDG_SESSION_DESKTOP', 'ubuntu'), ('XAUTHORITY', '/run/user/1000/gdm/Xauthority'), ('LS_COLORS', ''), ('CURSOR_TRACE_ID', '9cf48434073841a69514da91d5041e10'), ('SSH_AGENT_LAUNCHER', 'gnome-keyring'), ('SSH_AUTH_SOCK', '/run/user/1000/keyring/ssh'), ('GSETTINGS_SCHEMA_DIR', '/tmp/.mount_cursorD41xzc/usr/share/glib-2.0/schemas/:'), ('AMENT_PREFIX_PATH', '/home/samay/AVG/car/install/car_description:/opt/ros/humble'), ('ORIGINAL_XDG_CURRENT_DESKTOP', 'ubuntu:GNOME'), ('SHELL', '/bin/bash'), ('ARGV0', '/home/samay/Applications/cursor.AppImage'), ('TERMINATOR_UUID', 'urn:uuid:87ddecda-6f63-4557-b397-f19e3bbec456'), ('QT_ACCESSIBILITY', '1'), ('GAZEBO_GUI', 'false'), ('GDMSESSION', 'ubuntu'), ('LESSCLOSE', '/usr/bin/lesspipe %s %s'), ('GPG_AGENT_INFO', '/run/user/1000/gnupg/S.gpg-agent:0:1'), ('QT_IM_MODULE', 'ibus'), ('PWD', '/home/samay/AVG/car/build/car_description'), ('LC_ALL', 'en_US.UTF-8'), ('XDG_CONFIG_DIRS', '/etc/xdg/xdg-ubuntu:/etc/xdg'), ('VSCODE_CODE_CACHE_PATH', '/home/samay/.config/Cursor/CachedData/a84f941711ad680a635c8a3456002833186c4840'), ('XDG_DATA_DIRS', '/tmp/.mount_cursorD41xzc/usr/share/:/usr/local/share:/usr/share:/usr/share/ubuntu:/usr/share/gnome:/home/samay/.local/share/flatpak/exports/share:/var/lib/flatpak/exports/share:/usr/local/share/:/usr/share/:/var/lib/snapd/desktop'), ('PYTHONPATH', '/opt/ros/humble/lib/python3.10/site-packages:/opt/ros/humble/local/lib/python3.10/dist-packages'), ('QT_PLUGIN_PATH', '/tmp/.mount_cursorD41xzc/usr/lib/qt4/plugins/:/tmp/.mount_cursorD41xzc/usr/lib/i386-linux-gnu/qt4/plugins/:/tmp/.mount_cursorD41xzc/usr/lib/x86_64-linux-gnu/qt4/plugins/:/tmp/.mount_cursorD41xzc/usr/lib/aarch64-linux-gnu/qt4/plugins/:/tmp/.mount_cursorD41xzc/usr/lib32/qt4/plugins/:/tmp/.mount_cursorD41xzc/usr/lib64/qt4/plugins/:/tmp/.mount_cursorD41xzc/usr/lib/qt5/plugins/:/tmp/.mount_cursorD41xzc/usr/lib/i386-linux-gnu/qt5/plugins/:/tmp/.mount_cursorD41xzc/usr/lib/x86_64-linux-gnu/qt5/plugins/:/tmp/.mount_cursorD41xzc/usr/lib/aarch64-linux-gnu/qt5/plugins/:/tmp/.mount_cursorD41xzc/usr/lib32/qt5/plugins/:/tmp/.mount_cursorD41xzc/usr/lib64/qt5/plugins/:'), ('COLCON', '1'), ('VTE_VERSION', '6800'), ('CMAKE_PREFIX_PATH', '/home/samay/AVG/car/install/car_description:/opt/ros/humble'), ('VSCODE_PID', '308882')]), 'shell': False}
[0.036981] (car_description) StdoutLine: {'line': b'-- Found ament_cmake: 1.3.12 (/opt/ros/humble/share/ament_cmake/cmake)\n'}
[0.099863] (-) TimerEvent: {}
[0.136350] (car_description) StdoutLine: {'line': b'-- Found rclpy: 3.3.19 (/opt/ros/humble/share/rclpy/cmake)\n'}
[0.136509] (car_description) StdoutLine: {'line': b'-- Found urdf: 2.6.1 (/opt/ros/humble/share/urdf/cmake)\n'}
[0.159495] (car_description) StdoutLine: {'line': b'-- Found sensor_msgs: 4.9.0 (/opt/ros/humble/share/sensor_msgs/cmake)\n'}
[0.168549] (car_description) StdoutLine: {'line': b'-- Found rosidl_generator_c: 3.1.7 (/opt/ros/humble/share/rosidl_generator_c/cmake)\n'}
[0.170006] (car_description) StdoutLine: {'line': b'-- Found rosidl_adapter: 3.1.7 (/opt/ros/humble/share/rosidl_adapter/cmake)\n'}
[0.173700] (car_description) StdoutLine: {'line': b'-- Found rosidl_generator_cpp: 3.1.7 (/opt/ros/humble/share/rosidl_generator_cpp/cmake)\n'}
[0.179716] (car_description) StdoutLine: {'line': b'-- Using all available rosidl_typesupport_c: rosidl_typesupport_fastrtps_c;rosidl_typesupport_introspection_c\n'}
[0.186217] (car_description) StdoutLine: {'line': b'-- Using all available rosidl_typesupport_cpp: rosidl_typesupport_fastrtps_cpp;rosidl_typesupport_introspection_cpp\n'}
[0.199943] (-) TimerEvent: {}
[0.272410] (car_description) StdoutLine: {'line': b'-- Configuring done\n'}
[0.274687] (car_description) StdoutLine: {'line': b'-- Generating done\n'}
[0.276043] (car_description) StdoutLine: {'line': b'-- Build files have been written to: /home/samay/AVG/car/build/car_description\n'}
[0.300069] (-) TimerEvent: {}
[0.301576] (car_description) CommandEnded: {'returncode': 0}
[0.302112] (car_description) JobProgress: {'identifier': 'car_description', 'progress': 'install'}
[0.311394] (car_description) Command: {'cmd': ['/usr/bin/cmake', '--install', '/home/samay/AVG/car/build/car_description'], 'cwd': '/home/samay/AVG/car/build/car_description', 'env': OrderedDict([('LESSOPEN', '| /usr/bin/lesspipe %s'), ('VSCODE_CWD', '/home/samay/AVG/car/src'), ('VSCODE_ESM_ENTRYPOINT', 'vs/workbench/api/node/extensionHostProcess'), ('LANGUAGE', 'en_IN:en'), ('USER', 'samay'), ('VSCODE_NLS_CONFIG', '{"userLocale":"en-gb","osLocale":"en-in","resolvedLanguage":"en","defaultMessagesFile":"/tmp/.mount_cursorD41xzc/usr/share/cursor/resources/app/out/nls.messages.json","locale":"en-gb","availableLanguages":{}}'), ('VSCODE_HANDLES_UNCAUGHT_ERRORS', 'true'), ('XDG_SESSION_TYPE', 'x11'), ('SHLVL', '2'), ('LD_LIBRARY_PATH', '/tmp/.mount_cursorD41xzc/usr/lib/:/tmp/.mount_cursorD41xzc/usr/lib32/:/tmp/.mount_cursorD41xzc/usr/lib64/:/tmp/.mount_cursorD41xzc/lib/:/tmp/.mount_cursorD41xzc/lib/i386-linux-gnu/:/tmp/.mount_cursorD41xzc/lib/x86_64-linux-gnu/:/tmp/.mount_cursorD41xzc/lib/aarch64-linux-gnu/:/tmp/.mount_cursorD41xzc/lib32/:/tmp/.mount_cursorD41xzc/lib64/:/usr/lib/x86_64-linux-gnu/gazebo-11/plugins:/opt/ros/humble/opt/rviz_ogre_vendor/lib:/opt/ros/humble/lib/x86_64-linux-gnu:/opt/ros/humble/lib'), ('HOME', '/home/samay'), ('CHROME_DESKTOP', 'cursor.desktop'), ('APPDIR', '/tmp/.mount_cursorD41xzc'), ('OLDPWD', '/home/samay/AVG/car/src'), ('DESKTOP_SESSION', 'ubuntu'), ('PERLLIB', '/tmp/.mount_cursorD41xzc/usr/share/perl5/:/tmp/.mount_cursorD41xzc/usr/lib/perl5/:'), ('VSCODE_IPC_HOOK', '/run/user/1000/vscode-2dad0dd2-1.7.-main.sock'), ('ROS_PYTHON_VERSION', '3'), ('GNOME_SHELL_SESSION_MODE', 'ubuntu'), ('GTK_MODULES', 'gail:atk-bridge'), ('MANAGERPID', '225129'), ('SYSTEMD_EXEC_PID', '225659'), ('NO_COLOR', '1'), ('DBUS_SESSION_BUS_ADDRESS', 'unix:path=/run/user/1000/bus'), ('COLORTERM', 'truecolor'), ('TERMINATOR_DBUS_NAME', 'net.tenshu.Terminator23558193cd9818af7fe4d2c2f5bd9d00f'), ('GIO_LAUNCHED_DESKTOP_FILE_PID', '288297'), ('VSCODE_CRASH_REPORTER_PROCESS_TYPE', 'extensionHost'), ('VSCODE_L10N_BUNDLE_LOCATION', ''), ('COLCON_PREFIX_PATH', '/home/samay/AVG/car/install'), ('ROS_DISTRO', 'humble'), ('GTK_IM_MODULE', 'ibus'), ('LOGNAME', 'samay'), ('FORCE_COLOR', '0'), ('OWD', '/home/samay/AVG/car/src'), ('JOURNAL_STREAM', '8:2339486'), ('_', '/usr/bin/colcon'), ('ROS_VERSION', '2'), ('XDG_SESSION_CLASS', 'user'), ('USERNAME', 'samay'), ('TERM', 'dumb'), ('GNOME_DESKTOP_SESSION_ID', 'this-is-deprecated'), ('ROS_LOCALHOST_ONLY', '0'), ('COMPOSER_NO_INTERACTION', '1'), ('WINDOWPATH', '2'), ('PATH', '/home/samay/.local/bin:/home/samay/Applications:/home/samay/.local/bin:/home/samay/Applications:/tmp/.mount_cursorD41xzc/usr/bin/:/tmp/.mount_cursorD41xzc/usr/sbin/:/tmp/.mount_cursorD41xzc/usr/games/:/tmp/.mount_cursorD41xzc/bin/:/tmp/.mount_cursorD41xzc/sbin/:/opt/ros/humble/bin:/home/samay/Applications:/home/samay/.cargo/bin:/home/samay/.local/bin:/usr/local/sbin:/usr/local/bin:/usr/sbin:/usr/bin:/sbin:/bin:/usr/games:/usr/local/games:/snap/bin:/snap/bin'), ('SESSION_MANAGER', 'local/samay-Nitro-AN515-57:@/tmp/.ICE-unix/225501,unix/samay-Nitro-AN515-57:/tmp/.ICE-unix/225501'), ('INVOCATION_ID', 'deb4c821ac774bd09625408ffd3e58e3'), ('APPIMAGE', '/home/samay/Applications/cursor.AppImage'), ('XDG_MENU_PREFIX', 'gnome-'), ('VSCODE_PROCESS_TITLE', 'extension-host  [1-1]'), ('XDG_RUNTIME_DIR', '/run/user/1000'), ('GDK_BACKEND', 'x11'), ('CURSOR_AGENT', '1'), ('DISPLAY', ':1'), ('TERMINATOR_DBUS_PATH', '/net/tenshu/Terminator2'), ('LANG', 'en_US.UTF-8'), ('XDG_CURRENT_DESKTOP', 'Unity'), ('IBUS_DISABLE_SNOOPER', '1'), ('XMODIFIERS', '@im=ibus'), ('XDG_SESSION_DESKTOP', 'ubuntu'), ('XAUTHORITY', '/run/user/1000/gdm/Xauthority'), ('LS_COLORS', ''), ('CURSOR_TRACE_ID', '9cf48434073841a69514da91d5041e10'), ('SSH_AGENT_LAUNCHER', 'gnome-keyring'), ('SSH_AUTH_SOCK', '/run/user/1000/keyring/ssh'), ('GSETTINGS_SCHEMA_DIR', '/tmp/.mount_cursorD41xzc/usr/share/glib-2.0/schemas/:'), ('AMENT_PREFIX_PATH', '/home/samay/AVG/car/install/car_description:/opt/ros/humble'), ('ORIGINAL_XDG_CURRENT_DESKTOP', 'ubuntu:GNOME'), ('SHELL', '/bin/bash'), ('ARGV0', '/home/samay/Applications/cursor.AppImage'), ('TERMINATOR_UUID', 'urn:uuid:87ddecda-6f63-4557-b397-f19e3bbec456'), ('QT_ACCESSIBILITY', '1'), ('GAZEBO_GUI', 'false'), ('GDMSESSION', 'ubuntu'), ('LESSCLOSE', '/usr/bin/lesspipe %s %s'), ('GPG_AGENT_INFO', '/run/user/1000/gnupg/S.gpg-agent:0:1'), ('QT_IM_MODULE', 'ibus'), ('PWD', '/home/samay/AVG/car/build/car_description'), ('LC_ALL', 'en_US.UTF-8'), ('XDG_CONFIG_DIRS', '/etc/xdg/xdg-ubuntu:/etc/xdg'), ('VSCODE_CODE_CACHE_PATH', '/home/samay/.config/Cursor/CachedData/a84f941711ad680a635c8a3456002833186c4840'), ('XDG_DATA_DIRS', '/tmp/.mount_cursorD41xzc/usr/share/:/usr/local/share:/usr/share:/usr/share/ubuntu:/usr/share/gnome:/home/samay/.local/share/flatpak/exports/share:/var/lib/flatpak/exports/share:/usr/local/share/:/usr/share/:/var/lib/snapd/desktop'), ('PYTHONPATH', '/opt/ros/humble/lib/python3.10/site-packages:/opt/ros/humble/local/lib/python3.10/dist-packages'), ('QT_PLUGIN_PATH', '/tmp/.mount_cursorD41xzc/usr/lib/qt4/plugins/:/tmp/.mount_cursorD41xzc/usr/lib/i386-linux-gnu/qt4/plugins/:/tmp/.mount_cursorD41xzc/usr/lib/x86_64-linux-gnu/qt4/plugins/:/tmp/.mount_cursorD41xzc/usr/lib/aarch64-linux-gnu/qt4/plugins/:/tmp/.mount_cursorD41xzc/usr/lib32/qt4/plugins/:/tmp/.mount_cursorD41xzc/usr/lib64/qt4/plugins/:/tmp/.mount_cursorD41xzc/usr/lib/qt5/plugins/:/tmp/.mount_cursorD41xzc/usr/lib/i386-linux-gnu/qt5/plugins/:/tmp/.mount_cursorD41xzc/usr/lib/x86_64-linux-gnu/qt5/plugins/:/tmp/.mount_cursorD41xzc/usr/lib/aarch64-linux-gnu/qt5/plugins/:/tmp/.mount_cursorD41xzc/usr/lib32/qt5/plugins/:/tmp/.mount_cursorD41xzc/usr/lib64/qt5/plugins/:'), ('COLCON', '1'), ('VTE_VERSION', '6800'), ('CMAKE_PREFIX_PATH', '/home/samay/AVG/car/install/car_description:/opt/ros/humble'), ('VSCODE_PID', '308882')]), 'shell': False}
[0.320515] (car_description) StdoutLine: {'line': b'-- Install configuration: ""\n'}
[0.320647] (car_description) StdoutLine: {'line': b'-- Up-to-date: /home/samay/AVG/car/install/car_description/share/car_description/urdf\n'}
[0.320689] (car_description) StdoutLine: {'line': b'-- Up-to-date: /home/samay/AVG/car/install/car_description/share/car_description/urdf/newcar.xacro\n'}
[0.320727] (car_description) StdoutLine: {'line': b'-- Up-to-date: /home/samay/AVG/car/install/car_description/share/car_description/launch\n'}
[0.320762] (car_description) StdoutLine: {'line': b'-- Up-to-date: /home/samay/AVG/car/install/car_description/share/car_description/launch/car.launch.py\n'}
[0.320796] (car_description) StdoutLine: {'line': b'-- Up-to-date: /home/samay/AVG/car/install/car_description/share/car_description/launch/teleop.launch.py\n'}
[0.320829] (car_description) StdoutLine: {'line': b'-- Up-to-date: /home/samay/AVG/car/install/car_description/share/car_description/launch/slam.launch.py\n'}
[0.320861] (car_description) StdoutLine: {'line': b'-- Up-to-date: /home/samay/AVG/car/install/car_description/share/car_description/config\n'}
[0.320893] (car_description) StdoutLine: {'line': b'-- Up-to-date: /home/samay/AVG/car/install/car_description/share/car_description/config/slam.yaml\n'}
[0.320925] (car_description) StdoutLine: {'line': b'-- Up-to-date: /home/samay/AVG/car/install/car_description/share/car_description/config/car.rviz\n'}
[0.320957] (car_description) StdoutLine: {'line': b'-- Up-to-date: /home/samay/AVG/car/install/car_description/share/car_description/worlds\n'}
[0.320989] (car_description) StdoutLine: {'line': b'-- Up-to-date: /home/samay/AVG/car/install/car_description/share/car_description/worlds/my_car_world.world\n'}
[0.321022] (car_description) StdoutLine: {'line': b'-- Up-to-date: /home/samay/AVG/car/install/car_description/share/car_description/car_world\n'}
[0.321055] (car_description) StdoutLine: {'line': b'-- Up-to-date: /home/samay/AVG/car/install/car_description/share/car_description/car_world/model.sdf\n'}
[0.321096] (car_description) StdoutLine: {'line': b'-- Up-to-date: /home/samay/AVG/car/install/car_description/share/car_description/car_world/model.config\n'}
[0.321131] (car_description) StdoutLine: {'line': b'-- Up-to-date: /home/samay/AVG/car/install/car_description/share/car_description/meshes\n'}
[0.321166] (car_description) StdoutLine: {'line': b'-- Up-to-date: /home/samay/AVG/car/install/car_description/share/car_description/meshes/panther\n'}
[0.321231] (car_description) StdoutLine: {'line': b'-- Up-to-date: /home/samay/AVG/car/install/car_description/share/car_description/meshes/panther/base_collision.stl\n'}
[0.321268] (car_description) StdoutLine: {'line': b'-- Up-to-date: /home/samay/AVG/car/install/car_description/share/car_description/meshes/panther/base.dae\n'}
[0.321303] (car_description) StdoutLine: {'line': b'-- Up-to-date: /home/samay/AVG/car/install/car_description/share/car_description/meshes/WH05\n'}
[0.321338] (car_description) StdoutLine: {'line': b'-- Up-to-date: /home/samay/AVG/car/install/car_description/share/car_description/meshes/WH05/rr_wheel.dae\n'}
[0.321372] (car_description) StdoutLine: {'line': b'-- Up-to-date: /home/samay/AVG/car/install/car_description/share/car_description/meshes/WH05/rl_wheel.dae\n'}
[0.321407] (car_description) StdoutLine: {'line': b'-- Up-to-date: /home/samay/AVG/car/install/car_description/share/car_description/meshes/WH05/fl_wheel.dae\n'}
[0.321448] (car_description) StdoutLine: {'line': b'-- Up-to-date: /home/samay/AVG/car/install/car_description/share/car_description/meshes/WH05/G1.STL\n'}
[0.321546] (car_description) StdoutLine: {'line': b'-- Up-to-date: /home/samay/AVG/car/install/car_description/share/car_description/meshes/WH05/G.stl\n'}
[0.321675] (car_description) StdoutLine: {'line': b'-- Up-to-date: /home/samay/AVG/car/install/car_description/share/car_description/meshes/WH05/fr_wheel.dae\n'}
[0.321711] (car_description) StdoutLine: {'line': b'-- Up-to-date: /home/samay/AVG/car/install/car_description/share/car_description/map\n'}
[0.321747] (car_description) StdoutLine: {'line': b'-- Installing: /home/samay/AVG/car/install/car_description/share/car_description/map/my_map.pgm\n'}
[0.321781] (car_description) StdoutLine: {'line': b'-- Installing: /home/samay/AVG/car/install/car_description/share/car_description/map/my_map.yaml\n'}
[0.321815] (car_description) StdoutLine: {'line': b'-- Up-to-date: /home/samay/AVG/car/install/car_description/lib/car_description/simple_car_teleop.py\n'}
[0.321850] (car_description) StdoutLine: {'line': b'-- Up-to-date: /home/samay/AVG/car/install/car_description/lib/car_description/car_teleop_node.py\n'}
[0.321891] (car_description) StdoutLine: {'line': b'-- Up-to-date: /home/samay/AVG/car/install/car_description/share/ament_index/resource_index/package_run_dependencies/car_description\n'}
[0.321929] (car_description) StdoutLine: {'line': b'-- Up-to-date: /home/samay/AVG/car/install/car_description/share/ament_index/resource_index/parent_prefix_path/car_description\n'}
[0.321965] (car_description) StdoutLine: {'line': b'-- Up-to-date: /home/samay/AVG/car/install/car_description/share/car_description/environment/ament_prefix_path.sh\n'}
[0.322041] (car_description) StdoutLine: {'line': b'-- Installing: /home/samay/AVG/car/install/car_description/share/car_description/environment/ament_prefix_path.dsv\n'}
[0.322090] (car_description) StdoutLine: {'line': b'-- Up-to-date: /home/samay/AVG/car/install/car_description/share/car_description/environment/path.sh\n'}
[0.322125] (car_description) StdoutLine: {'line': b'-- Installing: /home/samay/AVG/car/install/car_description/share/car_description/environment/path.dsv\n'}
[0.322157] (car_description) StdoutLine: {'line': b'-- Up-to-date: /home/samay/AVG/car/install/car_description/share/car_description/local_setup.bash\n'}
[0.322190] (car_description) StdoutLine: {'line': b'-- Up-to-date: /home/samay/AVG/car/install/car_description/share/car_description/local_setup.sh\n'}
[0.322222] (car_description) StdoutLine: {'line': b'-- Up-to-date: /home/samay/AVG/car/install/car_description/share/car_description/local_setup.zsh\n'}
[0.322254] (car_description) StdoutLine: {'line': b'-- Installing: /home/samay/AVG/car/install/car_description/share/car_description/local_setup.dsv\n'}
[0.322286] (car_description) StdoutLine: {'line': b'-- Installing: /home/samay/AVG/car/install/car_description/share/car_description/package.dsv\n'}
[0.322323] (car_description) StdoutLine: {'line': b'-- Up-to-date: /home/samay/AVG/car/install/car_description/share/ament_index/resource_index/packages/car_description\n'}
[0.322355] (car_description) StdoutLine: {'line': b'-- Up-to-date: /home/samay/AVG/car/install/car_description/share/car_description/cmake/car_descriptionConfig.cmake\n'}
[0.322388] (car_description) StdoutLine: {'line': b'-- Up-to-date: /home/samay/AVG/car/install/car_description/share/car_description/cmake/car_descriptionConfig-version.cmake\n'}
[0.322420] (car_description) StdoutLine: {'line': b'-- Up-to-date: /home/samay/AVG/car/install/car_description/share/car_description/package.xml\n'}
[0.322951] (car_description) CommandEnded: {'returncode': 0}
[0.333916] (car_description) JobEnded: {'identifier': 'car_description', 'rc': 0}
[0.334284] (-) EventReactorShutdown: {}
